{"/root/.openclaw/workspace/data-masker/src/stores/files.js": {"path":"/root/.openclaw/workspace/data-masker/src/stores/files.js","statementMap":{"0":{"start":{"line":11,"column":28},"end":{"line":175,"column":null}},"1":{"start":{"line":13,"column":15},"end":{"line":13,"column":null}},"2":{"start":{"line":16,"column":21},"end":{"line":16,"column":null}},"3":{"start":{"line":19,"column":19},"end":{"line":21,"column":null}},"4":{"start":{"line":20,"column":4},"end":{"line":20,"column":null}},"5":{"start":{"line":20,"column":45},"end":{"line":20,"column":60}},"6":{"start":{"line":24,"column":19},"end":{"line":24,"column":null}},"7":{"start":{"line":24,"column":35},"end":{"line":24,"column":53}},"8":{"start":{"line":32,"column":4},"end":{"line":44,"column":null}},"9":{"start":{"line":32,"column":31},"end":{"line":32,"column":51}},"10":{"start":{"line":33,"column":6},"end":{"line":43,"column":null}},"11":{"start":{"line":52,"column":4},"end":{"line":52,"column":null}},"12":{"start":{"line":52,"column":29},"end":{"line":52,"column":42}},"13":{"start":{"line":60,"column":18},"end":{"line":60,"column":null}},"14":{"start":{"line":60,"column":45},"end":{"line":60,"column":60}},"15":{"start":{"line":61,"column":4},"end":{"line":63,"column":null}},"16":{"start":{"line":62,"column":6},"end":{"line":62,"column":null}},"17":{"start":{"line":70,"column":4},"end":{"line":70,"column":null}},"18":{"start":{"line":79,"column":17},"end":{"line":79,"column":null}},"19":{"start":{"line":79,"column":39},"end":{"line":79,"column":54}},"20":{"start":{"line":80,"column":4},"end":{"line":82,"column":null}},"21":{"start":{"line":81,"column":6},"end":{"line":81,"column":null}},"22":{"start":{"line":91,"column":17},"end":{"line":91,"column":null}},"23":{"start":{"line":91,"column":39},"end":{"line":91,"column":54}},"24":{"start":{"line":92,"column":4},"end":{"line":97,"column":null}},"25":{"start":{"line":93,"column":6},"end":{"line":93,"column":null}},"26":{"start":{"line":94,"column":6},"end":{"line":94,"column":null}},"27":{"start":{"line":95,"column":6},"end":{"line":95,"column":null}},"28":{"start":{"line":96,"column":6},"end":{"line":96,"column":null}},"29":{"start":{"line":106,"column":4},"end":{"line":106,"column":null}},"30":{"start":{"line":106,"column":54},"end":{"line":106,"column":74}},"31":{"start":{"line":109,"column":4},"end":{"line":114,"column":null}},"32":{"start":{"line":117,"column":4},"end":{"line":119,"column":null}},"33":{"start":{"line":118,"column":6},"end":{"line":118,"column":null}},"34":{"start":{"line":122,"column":4},"end":{"line":122,"column":null}},"35":{"start":{"line":129,"column":4},"end":{"line":129,"column":null}},"36":{"start":{"line":130,"column":4},"end":{"line":130,"column":null}},"37":{"start":{"line":137,"column":4},"end":{"line":141,"column":null}},"38":{"start":{"line":138,"column":6},"end":{"line":138,"column":null}},"39":{"start":{"line":140,"column":6},"end":{"line":140,"column":null}},"40":{"start":{"line":148,"column":4},"end":{"line":155,"column":null}},"41":{"start":{"line":149,"column":20},"end":{"line":149,"column":null}},"42":{"start":{"line":150,"column":6},"end":{"line":152,"column":null}},"43":{"start":{"line":151,"column":8},"end":{"line":151,"column":null}},"44":{"start":{"line":154,"column":6},"end":{"line":154,"column":null}},"45":{"start":{"line":159,"column":2},"end":{"line":159,"column":null}},"46":{"start":{"line":161,"column":2},"end":{"line":174,"column":null}}},"fnMap":{"0":{"name":"(anonymous_0)","decl":{"start":{"line":11,"column":50},"end":{"line":11,"column":51}},"loc":{"start":{"line":11,"column":56},"end":{"line":175,"column":1}},"line":11},"1":{"name":"(anonymous_1)","decl":{"start":{"line":19,"column":29},"end":{"line":19,"column":30}},"loc":{"start":{"line":19,"column":35},"end":{"line":21,"column":3}},"line":19},"2":{"name":"(anonymous_2)","decl":{"start":{"line":20,"column":30},"end":{"line":20,"column":31}},"loc":{"start":{"line":20,"column":45},"end":{"line":20,"column":60}},"line":20},"3":{"name":"(anonymous_3)","decl":{"start":{"line":24,"column":29},"end":{"line":24,"column":30}},"loc":{"start":{"line":24,"column":35},"end":{"line":24,"column":53}},"line":24},"4":{"name":"addFile","decl":{"start":{"line":30,"column":11},"end":{"line":30,"column":18}},"loc":{"start":{"line":30,"column":25},"end":{"line":45,"column":null}},"line":30},"5":{"name":"(anonymous_5)","decl":{"start":{"line":32,"column":26},"end":{"line":32,"column":27}},"loc":{"start":{"line":32,"column":31},"end":{"line":32,"column":51}},"line":32},"6":{"name":"addFiles","decl":{"start":{"line":51,"column":11},"end":{"line":51,"column":19}},"loc":{"start":{"line":51,"column":30},"end":{"line":53,"column":null}},"line":51},"7":{"name":"(anonymous_7)","decl":{"start":{"line":52,"column":21},"end":{"line":52,"column":25}},"loc":{"start":{"line":52,"column":29},"end":{"line":52,"column":42}},"line":52},"8":{"name":"removeFile","decl":{"start":{"line":59,"column":11},"end":{"line":59,"column":21}},"loc":{"start":{"line":59,"column":30},"end":{"line":64,"column":null}},"line":59},"9":{"name":"(anonymous_9)","decl":{"start":{"line":60,"column":40},"end":{"line":60,"column":41}},"loc":{"start":{"line":60,"column":45},"end":{"line":60,"column":60}},"line":60},"10":{"name":"clearFiles","decl":{"start":{"line":69,"column":11},"end":{"line":69,"column":21}},"loc":{"start":{"line":69,"column":24},"end":{"line":71,"column":null}},"line":69},"11":{"name":"updateFileStatus","decl":{"start":{"line":78,"column":11},"end":{"line":78,"column":27}},"loc":{"start":{"line":78,"column":44},"end":{"line":83,"column":null}},"line":78},"12":{"name":"(anonymous_12)","decl":{"start":{"line":79,"column":34},"end":{"line":79,"column":35}},"loc":{"start":{"line":79,"column":39},"end":{"line":79,"column":54}},"line":79},"13":{"name":"updateFileResult","decl":{"start":{"line":90,"column":11},"end":{"line":90,"column":27}},"loc":{"start":{"line":90,"column":44},"end":{"line":98,"column":null}},"line":90},"14":{"name":"(anonymous_14)","decl":{"start":{"line":91,"column":34},"end":{"line":91,"column":35}},"loc":{"start":{"line":91,"column":39},"end":{"line":91,"column":54}},"line":91},"15":{"name":"addRecentFile","decl":{"start":{"line":104,"column":11},"end":{"line":104,"column":24}},"loc":{"start":{"line":104,"column":31},"end":{"line":123,"column":null}},"line":104},"16":{"name":"(anonymous_16)","decl":{"start":{"line":106,"column":49},"end":{"line":106,"column":50}},"loc":{"start":{"line":106,"column":54},"end":{"line":106,"column":74}},"line":106},"17":{"name":"clearRecentFiles","decl":{"start":{"line":128,"column":11},"end":{"line":128,"column":27}},"loc":{"start":{"line":128,"column":30},"end":{"line":131,"column":null}},"line":128},"18":{"name":"saveRecentToStorage","decl":{"start":{"line":136,"column":11},"end":{"line":136,"column":30}},"loc":{"start":{"line":136,"column":33},"end":{"line":142,"column":null}},"line":136},"19":{"name":"loadRecentFromStorage","decl":{"start":{"line":147,"column":11},"end":{"line":147,"column":32}},"loc":{"start":{"line":147,"column":35},"end":{"line":156,"column":null}},"line":147}},"branchMap":{"0":{"loc":{"start":{"line":32,"column":4},"end":{"line":44,"column":null}},"type":"if","locations":[{"start":{"line":32,"column":4},"end":{"line":44,"column":null}},{"start":{},"end":{}}],"line":32},"1":{"loc":{"start":{"line":34,"column":12},"end":{"line":34,"column":44}},"type":"binary-expr","locations":[{"start":{"line":34,"column":12},"end":{"line":34,"column":19}},{"start":{"line":34,"column":23},"end":{"line":34,"column":44}}],"line":34},"2":{"loc":{"start":{"line":42,"column":17},"end":{"line":42,"column":null}},"type":"binary-expr","locations":[{"start":{"line":42,"column":17},"end":{"line":42,"column":29}},{"start":{"line":42,"column":33},"end":{"line":42,"column":null}}],"line":42},"3":{"loc":{"start":{"line":61,"column":4},"end":{"line":63,"column":null}},"type":"if","locations":[{"start":{"line":61,"column":4},"end":{"line":63,"column":null}},{"start":{},"end":{}}],"line":61},"4":{"loc":{"start":{"line":80,"column":4},"end":{"line":82,"column":null}},"type":"if","locations":[{"start":{"line":80,"column":4},"end":{"line":82,"column":null}},{"start":{},"end":{}}],"line":80},"5":{"loc":{"start":{"line":92,"column":4},"end":{"line":97,"column":null}},"type":"if","locations":[{"start":{"line":92,"column":4},"end":{"line":97,"column":null}},{"start":{},"end":{}}],"line":92},"6":{"loc":{"start":{"line":117,"column":4},"end":{"line":119,"column":null}},"type":"if","locations":[{"start":{"line":117,"column":4},"end":{"line":119,"column":null}},{"start":{},"end":{}}],"line":117},"7":{"loc":{"start":{"line":150,"column":6},"end":{"line":152,"column":null}},"type":"if","locations":[{"start":{"line":150,"column":6},"end":{"line":152,"column":null}},{"start":{},"end":{}}],"line":150}},"s":{"0":1,"1":14,"2":14,"3":14,"4":2,"5":2,"6":14,"7":2,"8":14,"9":5,"10":13,"11":4,"12":8,"13":1,"14":1,"15":1,"16":1,"17":1,"18":1,"19":1,"20":1,"21":1,"22":1,"23":1,"24":1,"25":1,"26":1,"27":1,"28":1,"29":2,"30":0,"31":2,"32":2,"33":0,"34":2,"35":1,"36":1,"37":2,"38":2,"39":0,"40":14,"41":14,"42":14,"43":0,"44":0,"45":14,"46":14},"f":{"0":14,"1":2,"2":2,"3":2,"4":14,"5":5,"6":4,"7":8,"8":1,"9":1,"10":1,"11":1,"12":1,"13":1,"14":1,"15":2,"16":0,"17":1,"18":2,"19":14},"b":{"0":[13,1],"1":[13,10],"2":[13,13],"3":[1,0],"4":[1,0],"5":[1,0],"6":[0,2],"7":[0,14]},"meta":{"lastBranch":8,"lastFunction":20,"lastStatement":47,"seen":{"s:11:28:175:Infinity":0,"f:11:50:11:51":0,"s:13:15:13:Infinity":1,"s:16:21:16:Infinity":2,"s:19:19:21:Infinity":3,"f:19:29:19:30":1,"s:20:4:20:Infinity":4,"f:20:30:20:31":2,"s:20:45:20:60":5,"s:24:19:24:Infinity":6,"f:24:29:24:30":3,"s:24:35:24:53":7,"f:30:11:30:18":4,"b:32:4:44:Infinity:undefined:undefined:undefined:undefined":0,"s:32:4:44:Infinity":8,"f:32:26:32:27":5,"s:32:31:32:51":9,"s:33:6:43:Infinity":10,"b:34:12:34:19:34:23:34:44":1,"b:42:17:42:29:42:33:42:Infinity":2,"f:51:11:51:19":6,"s:52:4:52:Infinity":11,"f:52:21:52:25":7,"s:52:29:52:42":12,"f:59:11:59:21":8,"s:60:18:60:Infinity":13,"f:60:40:60:41":9,"s:60:45:60:60":14,"b:61:4:63:Infinity:undefined:undefined:undefined:undefined":3,"s:61:4:63:Infinity":15,"s:62:6:62:Infinity":16,"f:69:11:69:21":10,"s:70:4:70:Infinity":17,"f:78:11:78:27":11,"s:79:17:79:Infinity":18,"f:79:34:79:35":12,"s:79:39:79:54":19,"b:80:4:82:Infinity:undefined:undefined:undefined:undefined":4,"s:80:4:82:Infinity":20,"s:81:6:81:Infinity":21,"f:90:11:90:27":13,"s:91:17:91:Infinity":22,"f:91:34:91:35":14,"s:91:39:91:54":23,"b:92:4:97:Infinity:undefined:undefined:undefined:undefined":5,"s:92:4:97:Infinity":24,"s:93:6:93:Infinity":25,"s:94:6:94:Infinity":26,"s:95:6:95:Infinity":27,"s:96:6:96:Infinity":28,"f:104:11:104:24":15,"s:106:4:106:Infinity":29,"f:106:49:106:50":16,"s:106:54:106:74":30,"s:109:4:114:Infinity":31,"b:117:4:119:Infinity:undefined:undefined:undefined:undefined":6,"s:117:4:119:Infinity":32,"s:118:6:118:Infinity":33,"s:122:4:122:Infinity":34,"f:128:11:128:27":17,"s:129:4:129:Infinity":35,"s:130:4:130:Infinity":36,"f:136:11:136:30":18,"s:137:4:141:Infinity":37,"s:138:6:138:Infinity":38,"s:140:6:140:Infinity":39,"f:147:11:147:32":19,"s:148:4:155:Infinity":40,"s:149:20:149:Infinity":41,"b:150:6:152:Infinity:undefined:undefined:undefined:undefined":7,"s:150:6:152:Infinity":42,"s:151:8:151:Infinity":43,"s:154:6:154:Infinity":44,"s:159:2:159:Infinity":45,"s:161:2:174:Infinity":46}}}
,"/root/.openclaw/workspace/data-masker/src/stores/result.js": {"path":"/root/.openclaw/workspace/data-masker/src/stores/result.js","statementMap":{"0":{"start":{"line":11,"column":29},"end":{"line":205,"column":null}},"1":{"start":{"line":13,"column":17},"end":{"line":13,"column":null}},"2":{"start":{"line":16,"column":18},"end":{"line":21,"column":null}},"3":{"start":{"line":24,"column":14},"end":{"line":24,"column":null}},"4":{"start":{"line":27,"column":22},"end":{"line":27,"column":null}},"5":{"start":{"line":30,"column":22},"end":{"line":32,"column":null}},"6":{"start":{"line":31,"column":4},"end":{"line":31,"column":null}},"7":{"start":{"line":31,"column":37},"end":{"line":31,"column":56}},"8":{"start":{"line":35,"column":20},"end":{"line":37,"column":null}},"9":{"start":{"line":36,"column":4},"end":{"line":36,"column":null}},"10":{"start":{"line":36,"column":37},"end":{"line":36,"column":57}},"11":{"start":{"line":40,"column":24},"end":{"line":53,"column":null}},"12":{"start":{"line":41,"column":18},"end":{"line":41,"column":null}},"13":{"start":{"line":42,"column":4},"end":{"line":51,"column":null}},"14":{"start":{"line":43,"column":6},"end":{"line":50,"column":null}},"15":{"start":{"line":44,"column":8},"end":{"line":49,"column":null}},"16":{"start":{"line":45,"column":10},"end":{"line":47,"column":null}},"17":{"start":{"line":46,"column":12},"end":{"line":46,"column":null}},"18":{"start":{"line":48,"column":10},"end":{"line":48,"column":null}},"19":{"start":{"line":52,"column":4},"end":{"line":52,"column":null}},"20":{"start":{"line":56,"column":24},"end":{"line":58,"column":null}},"21":{"start":{"line":57,"column":4},"end":{"line":57,"column":null}},"22":{"start":{"line":57,"column":70},"end":{"line":57,"column":81}},"23":{"start":{"line":65,"column":4},"end":{"line":75,"column":null}},"24":{"start":{"line":83,"column":4},"end":{"line":86,"column":null}},"25":{"start":{"line":96,"column":4},"end":{"line":102,"column":null}},"26":{"start":{"line":105,"column":4},"end":{"line":107,"column":null}},"27":{"start":{"line":106,"column":6},"end":{"line":106,"column":null}},"28":{"start":{"line":115,"column":4},"end":{"line":115,"column":null}},"29":{"start":{"line":124,"column":4},"end":{"line":124,"column":null}},"30":{"start":{"line":131,"column":4},"end":{"line":131,"column":null}},"31":{"start":{"line":132,"column":4},"end":{"line":137,"column":null}},"32":{"start":{"line":144,"column":4},"end":{"line":144,"column":null}},"33":{"start":{"line":151,"column":4},"end":{"line":151,"column":null}},"34":{"start":{"line":159,"column":4},"end":{"line":159,"column":null}},"35":{"start":{"line":167,"column":4},"end":{"line":182,"column":null}},"36":{"start":{"line":175,"column":39},"end":{"line":180,"column":7}},"37":{"start":{"line":185,"column":2},"end":{"line":204,"column":null}}},"fnMap":{"0":{"name":"(anonymous_0)","decl":{"start":{"line":11,"column":52},"end":{"line":11,"column":53}},"loc":{"start":{"line":11,"column":58},"end":{"line":205,"column":1}},"line":11},"1":{"name":"(anonymous_1)","decl":{"start":{"line":30,"column":32},"end":{"line":30,"column":33}},"loc":{"start":{"line":30,"column":38},"end":{"line":32,"column":3}},"line":30},"2":{"name":"(anonymous_2)","decl":{"start":{"line":31,"column":32},"end":{"line":31,"column":33}},"loc":{"start":{"line":31,"column":37},"end":{"line":31,"column":56}},"line":31},"3":{"name":"(anonymous_3)","decl":{"start":{"line":35,"column":30},"end":{"line":35,"column":31}},"loc":{"start":{"line":35,"column":36},"end":{"line":37,"column":3}},"line":35},"4":{"name":"(anonymous_4)","decl":{"start":{"line":36,"column":32},"end":{"line":36,"column":33}},"loc":{"start":{"line":36,"column":37},"end":{"line":36,"column":57}},"line":36},"5":{"name":"(anonymous_5)","decl":{"start":{"line":40,"column":34},"end":{"line":40,"column":35}},"loc":{"start":{"line":40,"column":40},"end":{"line":53,"column":3}},"line":40},"6":{"name":"(anonymous_6)","decl":{"start":{"line":42,"column":26},"end":{"line":42,"column":32}},"loc":{"start":{"line":42,"column":36},"end":{"line":51,"column":5}},"line":42},"7":{"name":"(anonymous_7)","decl":{"start":{"line":44,"column":37},"end":{"line":44,"column":41}},"loc":{"start":{"line":44,"column":45},"end":{"line":49,"column":9}},"line":44},"8":{"name":"(anonymous_8)","decl":{"start":{"line":56,"column":34},"end":{"line":56,"column":35}},"loc":{"start":{"line":56,"column":40},"end":{"line":58,"column":3}},"line":56},"9":{"name":"(anonymous_9)","decl":{"start":{"line":57,"column":54},"end":{"line":57,"column":55}},"loc":{"start":{"line":57,"column":70},"end":{"line":57,"column":81}},"line":57},"10":{"name":"addResult","decl":{"start":{"line":64,"column":11},"end":{"line":64,"column":20}},"loc":{"start":{"line":64,"column":29},"end":{"line":76,"column":null}},"line":64},"11":{"name":"updateProgress","decl":{"start":{"line":82,"column":11},"end":{"line":82,"column":25}},"loc":{"start":{"line":82,"column":40},"end":{"line":87,"column":null}},"line":82},"12":{"name":"addLog","decl":{"start":{"line":95,"column":11},"end":{"line":95,"column":17}},"loc":{"start":{"line":95,"column":45},"end":{"line":108,"column":null}},"line":95},"13":{"name":"setMappingTable","decl":{"start":{"line":114,"column":11},"end":{"line":114,"column":26}},"loc":{"start":{"line":114,"column":36},"end":{"line":116,"column":null}},"line":114},"14":{"name":"addMapping","decl":{"start":{"line":123,"column":11},"end":{"line":123,"column":21}},"loc":{"start":{"line":123,"column":40},"end":{"line":125,"column":null}},"line":123},"15":{"name":"clearResults","decl":{"start":{"line":130,"column":11},"end":{"line":130,"column":23}},"loc":{"start":{"line":130,"column":26},"end":{"line":138,"column":null}},"line":130},"16":{"name":"clearLogs","decl":{"start":{"line":143,"column":11},"end":{"line":143,"column":20}},"loc":{"start":{"line":143,"column":23},"end":{"line":145,"column":null}},"line":143},"17":{"name":"clearMapping","decl":{"start":{"line":150,"column":11},"end":{"line":150,"column":23}},"loc":{"start":{"line":150,"column":26},"end":{"line":152,"column":null}},"line":150},"18":{"name":"exportMapping","decl":{"start":{"line":158,"column":11},"end":{"line":158,"column":24}},"loc":{"start":{"line":158,"column":27},"end":{"line":160,"column":null}},"line":158},"19":{"name":"getReportData","decl":{"start":{"line":166,"column":11},"end":{"line":166,"column":24}},"loc":{"start":{"line":166,"column":27},"end":{"line":183,"column":null}},"line":166},"20":{"name":"(anonymous_20)","decl":{"start":{"line":175,"column":33},"end":{"line":175,"column":34}},"loc":{"start":{"line":175,"column":39},"end":{"line":180,"column":7}},"line":175}},"branchMap":{"0":{"loc":{"start":{"line":43,"column":6},"end":{"line":50,"column":null}},"type":"if","locations":[{"start":{"line":43,"column":6},"end":{"line":50,"column":null}},{"start":{},"end":{}}],"line":43},"1":{"loc":{"start":{"line":45,"column":10},"end":{"line":47,"column":null}},"type":"if","locations":[{"start":{"line":45,"column":10},"end":{"line":47,"column":null}},{"start":{},"end":{}}],"line":45},"2":{"loc":{"start":{"line":70,"column":21},"end":{"line":70,"column":47}},"type":"binary-expr","locations":[{"start":{"line":70,"column":21},"end":{"line":70,"column":41}},{"start":{"line":70,"column":45},"end":{"line":70,"column":47}}],"line":70},"3":{"loc":{"start":{"line":95,"column":34},"end":{"line":95,"column":43}},"type":"default-arg","locations":[{"start":{"line":95,"column":41},"end":{"line":95,"column":43}}],"line":95},"4":{"loc":{"start":{"line":105,"column":4},"end":{"line":107,"column":null}},"type":"if","locations":[{"start":{"line":105,"column":4},"end":{"line":107,"column":null}},{"start":{},"end":{}}],"line":105}},"s":{"0":1,"1":19,"2":19,"3":19,"4":19,"5":19,"6":2,"7":4,"8":19,"9":2,"10":4,"11":19,"12":3,"13":3,"14":3,"15":3,"16":6,"17":5,"18":6,"19":3,"20":19,"21":2,"22":3,"23":11,"24":1,"25":1103,"26":1103,"27":100,"28":1,"29":3,"30":1,"31":1,"32":1,"33":1,"34":1,"35":1,"36":1,"37":19},"f":{"0":19,"1":2,"2":4,"3":2,"4":4,"5":3,"6":3,"7":6,"8":2,"9":3,"10":11,"11":1,"12":1103,"13":1,"14":3,"15":1,"16":1,"17":1,"18":1,"19":1,"20":1},"b":{"0":[3,0],"1":[5,1],"2":[11,0],"3":[1103],"4":[100,1003]},"meta":{"lastBranch":5,"lastFunction":21,"lastStatement":38,"seen":{"s:11:29:205:Infinity":0,"f:11:52:11:53":0,"s:13:17:13:Infinity":1,"s:16:18:21:Infinity":2,"s:24:14:24:Infinity":3,"s:27:22:27:Infinity":4,"s:30:22:32:Infinity":5,"f:30:32:30:33":1,"s:31:4:31:Infinity":6,"f:31:32:31:33":2,"s:31:37:31:56":7,"s:35:20:37:Infinity":8,"f:35:30:35:31":3,"s:36:4:36:Infinity":9,"f:36:32:36:33":4,"s:36:37:36:57":10,"s:40:24:53:Infinity":11,"f:40:34:40:35":5,"s:41:18:41:Infinity":12,"s:42:4:51:Infinity":13,"f:42:26:42:32":6,"b:43:6:50:Infinity:undefined:undefined:undefined:undefined":0,"s:43:6:50:Infinity":14,"s:44:8:49:Infinity":15,"f:44:37:44:41":7,"b:45:10:47:Infinity:undefined:undefined:undefined:undefined":1,"s:45:10:47:Infinity":16,"s:46:12:46:Infinity":17,"s:48:10:48:Infinity":18,"s:52:4:52:Infinity":19,"s:56:24:58:Infinity":20,"f:56:34:56:35":8,"s:57:4:57:Infinity":21,"f:57:54:57:55":9,"s:57:70:57:81":22,"f:64:11:64:20":10,"s:65:4:75:Infinity":23,"b:70:21:70:41:70:45:70:47":2,"f:82:11:82:25":11,"s:83:4:86:Infinity":24,"f:95:11:95:17":12,"b:95:41:95:43":3,"s:96:4:102:Infinity":25,"b:105:4:107:Infinity:undefined:undefined:undefined:undefined":4,"s:105:4:107:Infinity":26,"s:106:6:106:Infinity":27,"f:114:11:114:26":13,"s:115:4:115:Infinity":28,"f:123:11:123:21":14,"s:124:4:124:Infinity":29,"f:130:11:130:23":15,"s:131:4:131:Infinity":30,"s:132:4:137:Infinity":31,"f:143:11:143:20":16,"s:144:4:144:Infinity":32,"f:150:11:150:23":17,"s:151:4:151:Infinity":33,"f:158:11:158:24":18,"s:159:4:159:Infinity":34,"f:166:11:166:24":19,"s:167:4:182:Infinity":35,"f:175:33:175:34":20,"s:175:39:180:7":36,"s:185:2:204:Infinity":37}}}
,"/root/.openclaw/workspace/data-masker/src/stores/rules.js": {"path":"/root/.openclaw/workspace/data-masker/src/stores/rules.js","statementMap":{"0":{"start":{"line":9,"column":21},"end":{"line":106,"column":null}},"1":{"start":{"line":111,"column":28},"end":{"line":308,"column":null}},"2":{"start":{"line":113,"column":26},"end":{"line":113,"column":null}},"3":{"start":{"line":116,"column":21},"end":{"line":116,"column":null}},"4":{"start":{"line":119,"column":18},"end":{"line":122,"column":null}},"5":{"start":{"line":119,"column":34},"end":{"line":122,"column":3}},"6":{"start":{"line":125,"column":22},"end":{"line":127,"column":null}},"7":{"start":{"line":126,"column":4},"end":{"line":126,"column":null}},"8":{"start":{"line":126,"column":31},"end":{"line":126,"column":40}},"9":{"start":{"line":130,"column":19},"end":{"line":135,"column":null}},"10":{"start":{"line":130,"column":36},"end":{"line":135,"column":3}},"11":{"start":{"line":132,"column":55},"end":{"line":132,"column":64}},"12":{"start":{"line":134,"column":49},"end":{"line":134,"column":58}},"13":{"start":{"line":141,"column":17},"end":{"line":141,"column":null}},"14":{"start":{"line":141,"column":42},"end":{"line":141,"column":57}},"15":{"start":{"line":142,"column":4},"end":{"line":145,"column":null}},"16":{"start":{"line":143,"column":6},"end":{"line":143,"column":null}},"17":{"start":{"line":144,"column":6},"end":{"line":144,"column":null}},"18":{"start":{"line":153,"column":15},"end":{"line":153,"column":null}},"19":{"start":{"line":153,"column":48},"end":{"line":153,"column":63}},"20":{"start":{"line":154,"column":4},"end":{"line":158,"column":null}},"21":{"start":{"line":155,"column":6},"end":{"line":155,"column":null}},"22":{"start":{"line":156,"column":6},"end":{"line":156,"column":null}},"23":{"start":{"line":157,"column":6},"end":{"line":157,"column":null}},"24":{"start":{"line":161,"column":4},"end":{"line":161,"column":null}},"25":{"start":{"line":161,"column":39},"end":{"line":161,"column":54}},"26":{"start":{"line":162,"column":4},"end":{"line":165,"column":null}},"27":{"start":{"line":163,"column":6},"end":{"line":163,"column":null}},"28":{"start":{"line":164,"column":6},"end":{"line":164,"column":null}},"29":{"start":{"line":172,"column":20},"end":{"line":176,"column":null}},"30":{"start":{"line":177,"column":4},"end":{"line":177,"column":null}},"31":{"start":{"line":178,"column":4},"end":{"line":178,"column":null}},"32":{"start":{"line":179,"column":4},"end":{"line":179,"column":null}},"33":{"start":{"line":186,"column":18},"end":{"line":186,"column":null}},"34":{"start":{"line":186,"column":51},"end":{"line":186,"column":66}},"35":{"start":{"line":187,"column":4},"end":{"line":190,"column":null}},"36":{"start":{"line":188,"column":6},"end":{"line":188,"column":null}},"37":{"start":{"line":189,"column":6},"end":{"line":189,"column":null}},"38":{"start":{"line":198,"column":4},"end":{"line":198,"column":null}},"39":{"start":{"line":199,"column":4},"end":{"line":199,"column":null}},"40":{"start":{"line":200,"column":4},"end":{"line":200,"column":null}},"41":{"start":{"line":201,"column":4},"end":{"line":201,"column":null}},"42":{"start":{"line":208,"column":4},"end":{"line":208,"column":null}},"43":{"start":{"line":209,"column":4},"end":{"line":209,"column":null}},"44":{"start":{"line":210,"column":4},"end":{"line":210,"column":null}},"45":{"start":{"line":217,"column":4},"end":{"line":221,"column":null}},"46":{"start":{"line":228,"column":4},"end":{"line":253,"column":null}},"47":{"start":{"line":230,"column":6},"end":{"line":232,"column":null}},"48":{"start":{"line":231,"column":8},"end":{"line":231,"column":null}},"49":{"start":{"line":235,"column":6},"end":{"line":237,"column":null}},"50":{"start":{"line":236,"column":8},"end":{"line":236,"column":null}},"51":{"start":{"line":239,"column":6},"end":{"line":241,"column":null}},"52":{"start":{"line":240,"column":8},"end":{"line":240,"column":null}},"53":{"start":{"line":243,"column":6},"end":{"line":245,"column":null}},"54":{"start":{"line":244,"column":8},"end":{"line":244,"column":null}},"55":{"start":{"line":247,"column":6},"end":{"line":247,"column":null}},"56":{"start":{"line":248,"column":6},"end":{"line":248,"column":null}},"57":{"start":{"line":249,"column":6},"end":{"line":249,"column":null}},"58":{"start":{"line":251,"column":6},"end":{"line":251,"column":null}},"59":{"start":{"line":252,"column":6},"end":{"line":252,"column":null}},"60":{"start":{"line":260,"column":4},"end":{"line":267,"column":null}},"61":{"start":{"line":261,"column":6},"end":{"line":264,"column":null}},"62":{"start":{"line":266,"column":6},"end":{"line":266,"column":null}},"63":{"start":{"line":274,"column":4},"end":{"line":287,"column":null}},"64":{"start":{"line":275,"column":20},"end":{"line":275,"column":null}},"65":{"start":{"line":276,"column":6},"end":{"line":284,"column":null}},"66":{"start":{"line":277,"column":21},"end":{"line":277,"column":null}},"67":{"start":{"line":278,"column":8},"end":{"line":280,"column":null}},"68":{"start":{"line":279,"column":10},"end":{"line":279,"column":null}},"69":{"start":{"line":281,"column":8},"end":{"line":283,"column":null}},"70":{"start":{"line":282,"column":10},"end":{"line":282,"column":null}},"71":{"start":{"line":286,"column":6},"end":{"line":286,"column":null}},"72":{"start":{"line":291,"column":2},"end":{"line":291,"column":null}},"73":{"start":{"line":293,"column":2},"end":{"line":307,"column":null}}},"fnMap":{"0":{"name":"(anonymous_0)","decl":{"start":{"line":111,"column":50},"end":{"line":111,"column":51}},"loc":{"start":{"line":111,"column":56},"end":{"line":308,"column":1}},"line":111},"1":{"name":"(anonymous_1)","decl":{"start":{"line":119,"column":28},"end":{"line":119,"column":29}},"loc":{"start":{"line":119,"column":34},"end":{"line":122,"column":3}},"line":119},"2":{"name":"(anonymous_2)","decl":{"start":{"line":125,"column":32},"end":{"line":125,"column":33}},"loc":{"start":{"line":126,"column":4},"end":{"line":126,"column":null}},"line":126},"3":{"name":"(anonymous_3)","decl":{"start":{"line":126,"column":26},"end":{"line":126,"column":27}},"loc":{"start":{"line":126,"column":31},"end":{"line":126,"column":40}},"line":126},"4":{"name":"(anonymous_4)","decl":{"start":{"line":130,"column":29},"end":{"line":130,"column":30}},"loc":{"start":{"line":130,"column":36},"end":{"line":135,"column":3}},"line":130},"5":{"name":"(anonymous_5)","decl":{"start":{"line":132,"column":50},"end":{"line":132,"column":51}},"loc":{"start":{"line":132,"column":55},"end":{"line":132,"column":64}},"line":132},"6":{"name":"(anonymous_6)","decl":{"start":{"line":134,"column":44},"end":{"line":134,"column":45}},"loc":{"start":{"line":134,"column":49},"end":{"line":134,"column":58}},"line":134},"7":{"name":"toggleRule","decl":{"start":{"line":140,"column":11},"end":{"line":140,"column":21}},"loc":{"start":{"line":140,"column":30},"end":{"line":146,"column":null}},"line":140},"8":{"name":"(anonymous_8)","decl":{"start":{"line":141,"column":37},"end":{"line":141,"column":38}},"loc":{"start":{"line":141,"column":42},"end":{"line":141,"column":57}},"line":141},"9":{"name":"updateRule","decl":{"start":{"line":151,"column":11},"end":{"line":151,"column":21}},"loc":{"start":{"line":151,"column":39},"end":{"line":166,"column":null}},"line":151},"10":{"name":"(anonymous_10)","decl":{"start":{"line":153,"column":43},"end":{"line":153,"column":44}},"loc":{"start":{"line":153,"column":48},"end":{"line":153,"column":63}},"line":153},"11":{"name":"(anonymous_11)","decl":{"start":{"line":161,"column":34},"end":{"line":161,"column":35}},"loc":{"start":{"line":161,"column":39},"end":{"line":161,"column":54}},"line":161},"12":{"name":"addCustomRule","decl":{"start":{"line":171,"column":11},"end":{"line":171,"column":24}},"loc":{"start":{"line":171,"column":31},"end":{"line":180,"column":null}},"line":171},"13":{"name":"deleteCustomRule","decl":{"start":{"line":185,"column":11},"end":{"line":185,"column":27}},"loc":{"start":{"line":185,"column":36},"end":{"line":191,"column":null}},"line":185},"14":{"name":"(anonymous_14)","decl":{"start":{"line":186,"column":46},"end":{"line":186,"column":47}},"loc":{"start":{"line":186,"column":51},"end":{"line":186,"column":66}},"line":186},"15":{"name":"resetRules","decl":{"start":{"line":196,"column":11},"end":{"line":196,"column":21}},"loc":{"start":{"line":196,"column":24},"end":{"line":202,"column":null}},"line":196},"16":{"name":"resetBuiltinRules","decl":{"start":{"line":207,"column":11},"end":{"line":207,"column":28}},"loc":{"start":{"line":207,"column":31},"end":{"line":211,"column":null}},"line":207},"17":{"name":"exportRules","decl":{"start":{"line":216,"column":11},"end":{"line":216,"column":22}},"loc":{"start":{"line":216,"column":25},"end":{"line":222,"column":null}},"line":216},"18":{"name":"importRules","decl":{"start":{"line":227,"column":11},"end":{"line":227,"column":22}},"loc":{"start":{"line":227,"column":29},"end":{"line":254,"column":null}},"line":227},"19":{"name":"saveToStorage","decl":{"start":{"line":259,"column":11},"end":{"line":259,"column":24}},"loc":{"start":{"line":259,"column":27},"end":{"line":268,"column":null}},"line":259},"20":{"name":"loadFromStorage","decl":{"start":{"line":273,"column":11},"end":{"line":273,"column":26}},"loc":{"start":{"line":273,"column":29},"end":{"line":288,"column":null}},"line":273}},"branchMap":{"0":{"loc":{"start":{"line":142,"column":4},"end":{"line":145,"column":null}},"type":"if","locations":[{"start":{"line":142,"column":4},"end":{"line":145,"column":null}},{"start":{},"end":{}}],"line":142},"1":{"loc":{"start":{"line":154,"column":4},"end":{"line":158,"column":null}},"type":"if","locations":[{"start":{"line":154,"column":4},"end":{"line":158,"column":null}},{"start":{},"end":{}}],"line":154},"2":{"loc":{"start":{"line":162,"column":4},"end":{"line":165,"column":null}},"type":"if","locations":[{"start":{"line":162,"column":4},"end":{"line":165,"column":null}},{"start":{},"end":{}}],"line":162},"3":{"loc":{"start":{"line":187,"column":4},"end":{"line":190,"column":null}},"type":"if","locations":[{"start":{"line":187,"column":4},"end":{"line":190,"column":null}},{"start":{},"end":{}}],"line":187},"4":{"loc":{"start":{"line":230,"column":6},"end":{"line":232,"column":null}},"type":"if","locations":[{"start":{"line":230,"column":6},"end":{"line":232,"column":null}},{"start":{},"end":{}}],"line":230},"5":{"loc":{"start":{"line":230,"column":10},"end":{"line":230,"column":43}},"type":"binary-expr","locations":[{"start":{"line":230,"column":10},"end":{"line":230,"column":15}},{"start":{"line":230,"column":19},"end":{"line":230,"column":43}}],"line":230},"6":{"loc":{"start":{"line":235,"column":6},"end":{"line":237,"column":null}},"type":"if","locations":[{"start":{"line":235,"column":6},"end":{"line":237,"column":null}},{"start":{},"end":{}}],"line":235},"7":{"loc":{"start":{"line":235,"column":10},"end":{"line":235,"column":39}},"type":"binary-expr","locations":[{"start":{"line":235,"column":10},"end":{"line":235,"column":23}},{"start":{"line":235,"column":27},"end":{"line":235,"column":39}}],"line":235},"8":{"loc":{"start":{"line":239,"column":6},"end":{"line":241,"column":null}},"type":"if","locations":[{"start":{"line":239,"column":6},"end":{"line":241,"column":null}},{"start":{},"end":{}}],"line":239},"9":{"loc":{"start":{"line":239,"column":10},"end":{"line":239,"column":53}},"type":"binary-expr","locations":[{"start":{"line":239,"column":10},"end":{"line":239,"column":22}},{"start":{"line":239,"column":26},"end":{"line":239,"column":53}}],"line":239},"10":{"loc":{"start":{"line":243,"column":6},"end":{"line":245,"column":null}},"type":"if","locations":[{"start":{"line":243,"column":6},"end":{"line":245,"column":null}},{"start":{},"end":{}}],"line":243},"11":{"loc":{"start":{"line":243,"column":10},"end":{"line":243,"column":51}},"type":"binary-expr","locations":[{"start":{"line":243,"column":10},"end":{"line":243,"column":21}},{"start":{"line":243,"column":25},"end":{"line":243,"column":51}}],"line":243},"12":{"loc":{"start":{"line":276,"column":6},"end":{"line":284,"column":null}},"type":"if","locations":[{"start":{"line":276,"column":6},"end":{"line":284,"column":null}},{"start":{},"end":{}}],"line":276},"13":{"loc":{"start":{"line":278,"column":8},"end":{"line":280,"column":null}},"type":"if","locations":[{"start":{"line":278,"column":8},"end":{"line":280,"column":null}},{"start":{},"end":{}}],"line":278},"14":{"loc":{"start":{"line":278,"column":12},"end":{"line":278,"column":55}},"type":"binary-expr","locations":[{"start":{"line":278,"column":12},"end":{"line":278,"column":24}},{"start":{"line":278,"column":28},"end":{"line":278,"column":55}}],"line":278},"15":{"loc":{"start":{"line":281,"column":8},"end":{"line":283,"column":null}},"type":"if","locations":[{"start":{"line":281,"column":8},"end":{"line":283,"column":null}},{"start":{},"end":{}}],"line":281},"16":{"loc":{"start":{"line":281,"column":12},"end":{"line":281,"column":53}},"type":"binary-expr","locations":[{"start":{"line":281,"column":12},"end":{"line":281,"column":23}},{"start":{"line":281,"column":27},"end":{"line":281,"column":53}}],"line":281}},"s":{"0":1,"1":1,"2":14,"3":14,"4":14,"5":4,"6":14,"7":1,"8":8,"9":14,"10":1,"11":8,"12":0,"13":4,"14":4,"15":4,"16":4,"17":4,"18":1,"19":1,"20":1,"21":1,"22":1,"23":1,"24":0,"25":0,"26":0,"27":0,"28":0,"29":3,"30":3,"31":3,"32":3,"33":2,"34":1,"35":2,"36":1,"37":1,"38":1,"39":1,"40":1,"41":1,"42":0,"43":0,"44":0,"45":1,"46":3,"47":3,"48":1,"49":2,"50":1,"51":1,"52":1,"53":1,"54":1,"55":1,"56":1,"57":1,"58":2,"59":2,"60":11,"61":11,"62":0,"63":14,"64":14,"65":14,"66":0,"67":0,"68":0,"69":0,"70":0,"71":0,"72":14,"73":14},"f":{"0":14,"1":4,"2":1,"3":8,"4":1,"5":8,"6":0,"7":4,"8":4,"9":1,"10":1,"11":0,"12":3,"13":2,"14":1,"15":1,"16":0,"17":1,"18":3,"19":11,"20":14},"b":{"0":[4,0],"1":[1,0],"2":[0,0],"3":[1,1],"4":[1,2],"5":[3,2],"6":[1,1],"7":[2,1],"8":[1,0],"9":[1,1],"10":[1,0],"11":[1,1],"12":[0,14],"13":[0,0],"14":[0,0],"15":[0,0],"16":[0,0]},"meta":{"lastBranch":17,"lastFunction":21,"lastStatement":74,"seen":{"s:9:21:106:Infinity":0,"s:111:28:308:Infinity":1,"f:111:50:111:51":0,"s:113:26:113:Infinity":2,"s:116:21:116:Infinity":3,"s:119:18:122:Infinity":4,"f:119:28:119:29":1,"s:119:34:122:3":5,"s:125:22:127:Infinity":6,"f:125:32:125:33":2,"s:126:4:126:Infinity":7,"f:126:26:126:27":3,"s:126:31:126:40":8,"s:130:19:135:Infinity":9,"f:130:29:130:30":4,"s:130:36:135:3":10,"f:132:50:132:51":5,"s:132:55:132:64":11,"f:134:44:134:45":6,"s:134:49:134:58":12,"f:140:11:140:21":7,"s:141:17:141:Infinity":13,"f:141:37:141:38":8,"s:141:42:141:57":14,"b:142:4:145:Infinity:undefined:undefined:undefined:undefined":0,"s:142:4:145:Infinity":15,"s:143:6:143:Infinity":16,"s:144:6:144:Infinity":17,"f:151:11:151:21":9,"s:153:15:153:Infinity":18,"f:153:43:153:44":10,"s:153:48:153:63":19,"b:154:4:158:Infinity:undefined:undefined:undefined:undefined":1,"s:154:4:158:Infinity":20,"s:155:6:155:Infinity":21,"s:156:6:156:Infinity":22,"s:157:6:157:Infinity":23,"s:161:4:161:Infinity":24,"f:161:34:161:35":11,"s:161:39:161:54":25,"b:162:4:165:Infinity:undefined:undefined:undefined:undefined":2,"s:162:4:165:Infinity":26,"s:163:6:163:Infinity":27,"s:164:6:164:Infinity":28,"f:171:11:171:24":12,"s:172:20:176:Infinity":29,"s:177:4:177:Infinity":30,"s:178:4:178:Infinity":31,"s:179:4:179:Infinity":32,"f:185:11:185:27":13,"s:186:18:186:Infinity":33,"f:186:46:186:47":14,"s:186:51:186:66":34,"b:187:4:190:Infinity:undefined:undefined:undefined:undefined":3,"s:187:4:190:Infinity":35,"s:188:6:188:Infinity":36,"s:189:6:189:Infinity":37,"f:196:11:196:21":15,"s:198:4:198:Infinity":38,"s:199:4:199:Infinity":39,"s:200:4:200:Infinity":40,"s:201:4:201:Infinity":41,"f:207:11:207:28":16,"s:208:4:208:Infinity":42,"s:209:4:209:Infinity":43,"s:210:4:210:Infinity":44,"f:216:11:216:22":17,"s:217:4:221:Infinity":45,"f:227:11:227:22":18,"s:228:4:253:Infinity":46,"b:230:6:232:Infinity:undefined:undefined:undefined:undefined":4,"s:230:6:232:Infinity":47,"b:230:10:230:15:230:19:230:43":5,"s:231:8:231:Infinity":48,"b:235:6:237:Infinity:undefined:undefined:undefined:undefined":6,"s:235:6:237:Infinity":49,"b:235:10:235:23:235:27:235:39":7,"s:236:8:236:Infinity":50,"b:239:6:241:Infinity:undefined:undefined:undefined:undefined":8,"s:239:6:241:Infinity":51,"b:239:10:239:22:239:26:239:53":9,"s:240:8:240:Infinity":52,"b:243:6:245:Infinity:undefined:undefined:undefined:undefined":10,"s:243:6:245:Infinity":53,"b:243:10:243:21:243:25:243:51":11,"s:244:8:244:Infinity":54,"s:247:6:247:Infinity":55,"s:248:6:248:Infinity":56,"s:249:6:249:Infinity":57,"s:251:6:251:Infinity":58,"s:252:6:252:Infinity":59,"f:259:11:259:24":19,"s:260:4:267:Infinity":60,"s:261:6:264:Infinity":61,"s:266:6:266:Infinity":62,"f:273:11:273:26":20,"s:274:4:287:Infinity":63,"s:275:20:275:Infinity":64,"b:276:6:284:Infinity:undefined:undefined:undefined:undefined":12,"s:276:6:284:Infinity":65,"s:277:21:277:Infinity":66,"b:278:8:280:Infinity:undefined:undefined:undefined:undefined":13,"s:278:8:280:Infinity":67,"b:278:12:278:24:278:28:278:55":14,"s:279:10:279:Infinity":68,"b:281:8:283:Infinity:undefined:undefined:undefined:undefined":15,"s:281:8:283:Infinity":69,"b:281:12:281:23:281:27:281:53":16,"s:282:10:282:Infinity":70,"s:286:6:286:Infinity":71,"s:291:2:291:Infinity":72,"s:293:2:307:Infinity":73}}}
,"/root/.openclaw/workspace/data-masker/src/stores/settings.js": {"path":"/root/.openclaw/workspace/data-masker/src/stores/settings.js","statementMap":{"0":{"start":{"line":10,"column":24},"end":{"line":42,"column":null}},"1":{"start":{"line":47,"column":31},"end":{"line":237,"column":null}},"2":{"start":{"line":49,"column":22},"end":{"line":49,"column":null}},"3":{"start":{"line":55,"column":4},"end":{"line":75,"column":null}},"4":{"start":{"line":56,"column":20},"end":{"line":56,"column":null}},"5":{"start":{"line":57,"column":6},"end":{"line":72,"column":null}},"6":{"start":{"line":58,"column":23},"end":{"line":58,"column":null}},"7":{"start":{"line":60,"column":8},"end":{"line":60,"column":null}},"8":{"start":{"line":63,"column":8},"end":{"line":71,"column":null}},"9":{"start":{"line":64,"column":36},"end":{"line":64,"column":null}},"10":{"start":{"line":65,"column":10},"end":{"line":70,"column":null}},"11":{"start":{"line":66,"column":12},"end":{"line":66,"column":null}},"12":{"start":{"line":69,"column":12},"end":{"line":69,"column":null}},"13":{"start":{"line":74,"column":6},"end":{"line":74,"column":null}},"14":{"start":{"line":82,"column":4},"end":{"line":102,"column":null}},"15":{"start":{"line":84,"column":29},"end":{"line":84,"column":null}},"16":{"start":{"line":87,"column":6},"end":{"line":95,"column":null}},"17":{"start":{"line":88,"column":26},"end":{"line":92,"column":null}},"18":{"start":{"line":94,"column":8},"end":{"line":94,"column":null}},"19":{"start":{"line":97,"column":6},"end":{"line":97,"column":null}},"20":{"start":{"line":98,"column":6},"end":{"line":98,"column":null}},"21":{"start":{"line":100,"column":6},"end":{"line":100,"column":null}},"22":{"start":{"line":101,"column":6},"end":{"line":101,"column":null}},"23":{"start":{"line":109,"column":4},"end":{"line":109,"column":null}},"24":{"start":{"line":110,"column":4},"end":{"line":110,"column":null}},"25":{"start":{"line":111,"column":4},"end":{"line":111,"column":null}},"26":{"start":{"line":112,"column":4},"end":{"line":112,"column":null}},"27":{"start":{"line":119,"column":4},"end":{"line":121,"column":null}},"28":{"start":{"line":120,"column":6},"end":{"line":120,"column":null}},"29":{"start":{"line":128,"column":4},"end":{"line":128,"column":null}},"30":{"start":{"line":135,"column":4},"end":{"line":135,"column":null}},"31":{"start":{"line":136,"column":4},"end":{"line":136,"column":null}},"32":{"start":{"line":143,"column":26},"end":{"line":143,"column":null}},"33":{"start":{"line":144,"column":4},"end":{"line":151,"column":null}},"34":{"start":{"line":145,"column":6},"end":{"line":150,"column":null}},"35":{"start":{"line":153,"column":4},"end":{"line":153,"column":null}},"36":{"start":{"line":154,"column":4},"end":{"line":154,"column":null}},"37":{"start":{"line":156,"column":4},"end":{"line":160,"column":null}},"38":{"start":{"line":167,"column":4},"end":{"line":167,"column":null}},"39":{"start":{"line":174,"column":19},"end":{"line":174,"column":null}},"40":{"start":{"line":175,"column":4},"end":{"line":181,"column":null}},"41":{"start":{"line":176,"column":6},"end":{"line":180,"column":null}},"42":{"start":{"line":177,"column":8},"end":{"line":177,"column":null}},"43":{"start":{"line":179,"column":8},"end":{"line":179,"column":null}},"44":{"start":{"line":182,"column":4},"end":{"line":182,"column":null}},"45":{"start":{"line":186,"column":20},"end":{"line":186,"column":null}},"46":{"start":{"line":192,"column":4},"end":{"line":194,"column":null}},"47":{"start":{"line":193,"column":6},"end":{"line":193,"column":null}},"48":{"start":{"line":195,"column":4},"end":{"line":215,"column":11}},"49":{"start":{"line":196,"column":6},"end":{"line":214,"column":null}},"50":{"start":{"line":198,"column":31},"end":{"line":198,"column":null}},"51":{"start":{"line":201,"column":8},"end":{"line":209,"column":null}},"52":{"start":{"line":202,"column":10},"end":{"line":206,"column":null}},"53":{"start":{"line":208,"column":10},"end":{"line":208,"column":null}},"54":{"start":{"line":211,"column":8},"end":{"line":211,"column":null}},"55":{"start":{"line":213,"column":8},"end":{"line":213,"column":null}},"56":{"start":{"line":219,"column":1},"end":{"line":221,"column":null}},"57":{"start":{"line":220,"column":4},"end":{"line":220,"column":null}},"58":{"start":{"line":224,"column":2},"end":{"line":224,"column":null}},"59":{"start":{"line":226,"column":2},"end":{"line":236,"column":null}}},"fnMap":{"0":{"name":"(anonymous_0)","decl":{"start":{"line":47,"column":56},"end":{"line":47,"column":57}},"loc":{"start":{"line":47,"column":62},"end":{"line":237,"column":1}},"line":47},"1":{"name":"loadSettings","decl":{"start":{"line":54,"column":17},"end":{"line":54,"column":29}},"loc":{"start":{"line":54,"column":32},"end":{"line":76,"column":null}},"line":54},"2":{"name":"saveSettings","decl":{"start":{"line":81,"column":17},"end":{"line":81,"column":29}},"loc":{"start":{"line":81,"column":32},"end":{"line":103,"column":null}},"line":81},"3":{"name":"resetToDefault","decl":{"start":{"line":108,"column":11},"end":{"line":108,"column":25}},"loc":{"start":{"line":108,"column":28},"end":{"line":113,"column":null}},"line":108},"4":{"name":"updateSetting","decl":{"start":{"line":118,"column":11},"end":{"line":118,"column":24}},"loc":{"start":{"line":118,"column":47},"end":{"line":122,"column":null}},"line":118},"5":{"name":"getOutputDir","decl":{"start":{"line":127,"column":11},"end":{"line":127,"column":23}},"loc":{"start":{"line":127,"column":26},"end":{"line":129,"column":null}},"line":127},"6":{"name":"setOutputDir","decl":{"start":{"line":134,"column":11},"end":{"line":134,"column":23}},"loc":{"start":{"line":134,"column":29},"end":{"line":137,"column":null}},"line":134},"7":{"name":"setPassword","decl":{"start":{"line":142,"column":11},"end":{"line":142,"column":22}},"loc":{"start":{"line":142,"column":33},"end":{"line":161,"column":null}},"line":142},"8":{"name":"validatePasswordStrength","decl":{"start":{"line":166,"column":11},"end":{"line":166,"column":35}},"loc":{"start":{"line":166,"column":46},"end":{"line":168,"column":null}},"line":166},"9":{"name":"deepMerge","decl":{"start":{"line":173,"column":11},"end":{"line":173,"column":20}},"loc":{"start":{"line":173,"column":37},"end":{"line":183,"column":null}},"line":173},"10":{"name":"debouncedSave","decl":{"start":{"line":191,"column":11},"end":{"line":191,"column":24}},"loc":{"start":{"line":191,"column":27},"end":{"line":216,"column":null}},"line":191},"11":{"name":"(anonymous_11)","decl":{"start":{"line":195,"column":29},"end":{"line":195,"column":34}},"loc":{"start":{"line":195,"column":41},"end":{"line":215,"column":5}},"line":195},"12":{"name":"(anonymous_12)","decl":{"start":{"line":219,"column":22},"end":{"line":219,"column":23}},"loc":{"start":{"line":219,"column":28},"end":{"line":221,"column":3}},"line":219}},"branchMap":{"0":{"loc":{"start":{"line":57,"column":6},"end":{"line":72,"column":null}},"type":"if","locations":[{"start":{"line":57,"column":6},"end":{"line":72,"column":null}},{"start":{},"end":{}}],"line":57},"1":{"loc":{"start":{"line":63,"column":8},"end":{"line":71,"column":null}},"type":"if","locations":[{"start":{"line":63,"column":8},"end":{"line":71,"column":null}},{"start":{},"end":{}}],"line":63},"2":{"loc":{"start":{"line":65,"column":10},"end":{"line":70,"column":null}},"type":"if","locations":[{"start":{"line":65,"column":10},"end":{"line":70,"column":null}},{"start":{"line":67,"column":17},"end":{"line":70,"column":null}}],"line":65},"3":{"loc":{"start":{"line":87,"column":6},"end":{"line":95,"column":null}},"type":"if","locations":[{"start":{"line":87,"column":6},"end":{"line":95,"column":null}},{"start":{},"end":{}}],"line":87},"4":{"loc":{"start":{"line":119,"column":4},"end":{"line":121,"column":null}},"type":"if","locations":[{"start":{"line":119,"column":4},"end":{"line":121,"column":null}},{"start":{},"end":{}}],"line":119},"5":{"loc":{"start":{"line":128,"column":11},"end":{"line":128,"column":null}},"type":"binary-expr","locations":[{"start":{"line":128,"column":11},"end":{"line":128,"column":47}},{"start":{"line":128,"column":51},"end":{"line":128,"column":null}}],"line":128},"6":{"loc":{"start":{"line":144,"column":4},"end":{"line":151,"column":null}},"type":"if","locations":[{"start":{"line":144,"column":4},"end":{"line":151,"column":null}},{"start":{},"end":{}}],"line":144},"7":{"loc":{"start":{"line":176,"column":6},"end":{"line":180,"column":null}},"type":"if","locations":[{"start":{"line":176,"column":6},"end":{"line":180,"column":null}},{"start":{"line":178,"column":13},"end":{"line":180,"column":null}}],"line":176},"8":{"loc":{"start":{"line":176,"column":10},"end":{"line":176,"column":87}},"type":"binary-expr","locations":[{"start":{"line":176,"column":10},"end":{"line":176,"column":21}},{"start":{"line":176,"column":25},"end":{"line":176,"column":56}},{"start":{"line":176,"column":60},"end":{"line":176,"column":87}}],"line":176},"9":{"loc":{"start":{"line":177,"column":32},"end":{"line":177,"column":49}},"type":"binary-expr","locations":[{"start":{"line":177,"column":32},"end":{"line":177,"column":43}},{"start":{"line":177,"column":47},"end":{"line":177,"column":49}}],"line":177},"10":{"loc":{"start":{"line":192,"column":4},"end":{"line":194,"column":null}},"type":"if","locations":[{"start":{"line":192,"column":4},"end":{"line":194,"column":null}},{"start":{},"end":{}}],"line":192},"11":{"loc":{"start":{"line":201,"column":8},"end":{"line":209,"column":null}},"type":"if","locations":[{"start":{"line":201,"column":8},"end":{"line":209,"column":null}},{"start":{},"end":{}}],"line":201}},"s":{"0":1,"1":1,"2":10,"3":10,"4":10,"5":10,"6":0,"7":0,"8":0,"9":0,"10":0,"11":0,"12":0,"13":0,"14":2,"15":2,"16":2,"17":1,"18":1,"19":2,"20":2,"21":0,"22":0,"23":1,"24":1,"25":1,"26":1,"27":3,"28":3,"29":1,"30":1,"31":1,"32":2,"33":2,"34":1,"35":1,"36":1,"37":1,"38":2,"39":0,"40":0,"41":0,"42":0,"43":0,"44":0,"45":10,"46":5,"47":0,"48":5,"49":0,"50":0,"51":0,"52":0,"53":0,"54":0,"55":0,"56":10,"57":5,"58":10,"59":10},"f":{"0":10,"1":10,"2":2,"3":1,"4":3,"5":1,"6":1,"7":2,"8":2,"9":0,"10":5,"11":0,"12":5},"b":{"0":[0,10],"1":[0,0],"2":[0,0],"3":[1,1],"4":[3,0],"5":[1,0],"6":[1,1],"7":[0,0],"8":[0,0,0],"9":[0,0],"10":[0,5],"11":[0,0]},"meta":{"lastBranch":12,"lastFunction":13,"lastStatement":60,"seen":{"s:10:24:42:Infinity":0,"s:47:31:237:Infinity":1,"f:47:56:47:57":0,"s:49:22:49:Infinity":2,"f:54:17:54:29":1,"s:55:4:75:Infinity":3,"s:56:20:56:Infinity":4,"b:57:6:72:Infinity:undefined:undefined:undefined:undefined":0,"s:57:6:72:Infinity":5,"s:58:23:58:Infinity":6,"s:60:8:60:Infinity":7,"b:63:8:71:Infinity:undefined:undefined:undefined:undefined":1,"s:63:8:71:Infinity":8,"s:64:36:64:Infinity":9,"b:65:10:70:Infinity:67:17:70:Infinity":2,"s:65:10:70:Infinity":10,"s:66:12:66:Infinity":11,"s:69:12:69:Infinity":12,"s:74:6:74:Infinity":13,"f:81:17:81:29":2,"s:82:4:102:Infinity":14,"s:84:29:84:Infinity":15,"b:87:6:95:Infinity:undefined:undefined:undefined:undefined":3,"s:87:6:95:Infinity":16,"s:88:26:92:Infinity":17,"s:94:8:94:Infinity":18,"s:97:6:97:Infinity":19,"s:98:6:98:Infinity":20,"s:100:6:100:Infinity":21,"s:101:6:101:Infinity":22,"f:108:11:108:25":3,"s:109:4:109:Infinity":23,"s:110:4:110:Infinity":24,"s:111:4:111:Infinity":25,"s:112:4:112:Infinity":26,"f:118:11:118:24":4,"b:119:4:121:Infinity:undefined:undefined:undefined:undefined":4,"s:119:4:121:Infinity":27,"s:120:6:120:Infinity":28,"f:127:11:127:23":5,"s:128:4:128:Infinity":29,"b:128:11:128:47:128:51:128:Infinity":5,"f:134:11:134:23":6,"s:135:4:135:Infinity":30,"s:136:4:136:Infinity":31,"f:142:11:142:22":7,"s:143:26:143:Infinity":32,"b:144:4:151:Infinity:undefined:undefined:undefined:undefined":6,"s:144:4:151:Infinity":33,"s:145:6:150:Infinity":34,"s:153:4:153:Infinity":35,"s:154:4:154:Infinity":36,"s:156:4:160:Infinity":37,"f:166:11:166:35":8,"s:167:4:167:Infinity":38,"f:173:11:173:20":9,"s:174:19:174:Infinity":39,"s:175:4:181:Infinity":40,"b:176:6:180:Infinity:178:13:180:Infinity":7,"s:176:6:180:Infinity":41,"b:176:10:176:21:176:25:176:56:176:60:176:87":8,"s:177:8:177:Infinity":42,"b:177:32:177:43:177:47:177:49":9,"s:179:8:179:Infinity":43,"s:182:4:182:Infinity":44,"s:186:20:186:Infinity":45,"f:191:11:191:24":10,"b:192:4:194:Infinity:undefined:undefined:undefined:undefined":10,"s:192:4:194:Infinity":46,"s:193:6:193:Infinity":47,"s:195:4:215:11":48,"f:195:29:195:34":11,"s:196:6:214:Infinity":49,"s:198:31:198:Infinity":50,"b:201:8:209:Infinity:undefined:undefined:undefined:undefined":11,"s:201:8:209:Infinity":51,"s:202:10:206:Infinity":52,"s:208:10:208:Infinity":53,"s:211:8:211:Infinity":54,"s:213:8:213:Infinity":55,"s:219:1:221:Infinity":56,"f:219:22:219:23":12,"s:220:4:220:Infinity":57,"s:224:2:224:Infinity":58,"s:226:2:236:Infinity":59}}}
,"/root/.openclaw/workspace/data-masker/src/utils/errorHandler.js": {"path":"/root/.openclaw/workspace/data-masker/src/utils/errorHandler.js","statementMap":{"0":{"start":{"line":11,"column":4},"end":{"line":11,"column":null}},"1":{"start":{"line":20,"column":4},"end":{"line":20,"column":null}},"2":{"start":{"line":20,"column":43},"end":{"line":20,"column":null}},"3":{"start":{"line":23,"column":18},"end":{"line":23,"column":null}},"4":{"start":{"line":24,"column":4},"end":{"line":26,"column":null}},"5":{"start":{"line":25,"column":6},"end":{"line":25,"column":null}},"6":{"start":{"line":27,"column":4},"end":{"line":27,"column":null}},"7":{"start":{"line":36,"column":4},"end":{"line":36,"column":null}},"8":{"start":{"line":36,"column":16},"end":{"line":36,"column":null}},"9":{"start":{"line":38,"column":18},"end":{"line":38,"column":null}},"10":{"start":{"line":41,"column":4},"end":{"line":44,"column":null}},"11":{"start":{"line":43,"column":15},"end":{"line":43,"column":null}},"12":{"start":{"line":47,"column":4},"end":{"line":50,"column":null}},"13":{"start":{"line":49,"column":15},"end":{"line":49,"column":null}},"14":{"start":{"line":53,"column":4},"end":{"line":53,"column":45}},"15":{"start":{"line":54,"column":4},"end":{"line":54,"column":null}},"16":{"start":{"line":57,"column":4},"end":{"line":68,"column":null}},"17":{"start":{"line":59,"column":6},"end":{"line":61,"column":null}},"18":{"start":{"line":60,"column":8},"end":{"line":60,"column":null}},"19":{"start":{"line":62,"column":6},"end":{"line":64,"column":null}},"20":{"start":{"line":63,"column":8},"end":{"line":63,"column":null}},"21":{"start":{"line":65,"column":6},"end":{"line":67,"column":null}},"22":{"start":{"line":66,"column":8},"end":{"line":66,"column":null}},"23":{"start":{"line":70,"column":4},"end":{"line":70,"column":null}},"24":{"start":{"line":81,"column":4},"end":{"line":83,"column":null}},"25":{"start":{"line":82,"column":6},"end":{"line":82,"column":null}},"26":{"start":{"line":86,"column":30},"end":{"line":98,"column":null}},"27":{"start":{"line":100,"column":4},"end":{"line":100,"column":null}},"28":{"start":{"line":111,"column":4},"end":{"line":116,"column":null}},"29":{"start":{"line":112,"column":6},"end":{"line":112,"column":null}},"30":{"start":{"line":113,"column":6},"end":{"line":113,"column":null}},"31":{"start":{"line":114,"column":6},"end":{"line":114,"column":null}},"32":{"start":{"line":115,"column":6},"end":{"line":115,"column":null}},"33":{"start":{"line":120,"column":4},"end":{"line":131,"column":null}},"34":{"start":{"line":122,"column":22},"end":{"line":127,"column":null}},"35":{"start":{"line":141,"column":4},"end":{"line":152,"column":null}},"36":{"start":{"line":142,"column":6},"end":{"line":151,"column":null}},"37":{"start":{"line":143,"column":8},"end":{"line":143,"column":null}},"38":{"start":{"line":146,"column":8},"end":{"line":146,"column":null}},"39":{"start":{"line":149,"column":28},"end":{"line":149,"column":null}},"40":{"start":{"line":150,"column":8},"end":{"line":150,"column":null}},"41":{"start":{"line":162,"column":20},"end":{"line":162,"column":null}},"42":{"start":{"line":165,"column":4},"end":{"line":174,"column":null}},"43":{"start":{"line":166,"column":6},"end":{"line":170,"column":null}},"44":{"start":{"line":173,"column":6},"end":{"line":173,"column":null}},"45":{"start":{"line":177,"column":4},"end":{"line":177,"column":null}},"46":{"start":{"line":185,"column":4},"end":{"line":189,"column":null}},"47":{"start":{"line":186,"column":6},"end":{"line":186,"column":null}},"48":{"start":{"line":188,"column":6},"end":{"line":188,"column":null}},"49":{"start":{"line":197,"column":4},"end":{"line":199,"column":null}},"50":{"start":{"line":198,"column":6},"end":{"line":198,"column":null}},"51":{"start":{"line":204,"column":28},"end":{"line":204,"column":null}}},"fnMap":{"0":{"name":"(anonymous_0)","decl":{"start":{"line":10,"column":2},"end":{"line":10,"column":13}},"loc":{"start":{"line":10,"column":16},"end":{"line":12,"column":null}},"line":10},"1":{"name":"(anonymous_1)","decl":{"start":{"line":19,"column":2},"end":{"line":19,"column":14}},"loc":{"start":{"line":19,"column":21},"end":{"line":28,"column":null}},"line":19},"2":{"name":"(anonymous_2)","decl":{"start":{"line":35,"column":2},"end":{"line":35,"column":15}},"loc":{"start":{"line":35,"column":23},"end":{"line":71,"column":null}},"line":35},"3":{"name":"(anonymous_3)","decl":{"start":{"line":43,"column":6},"end":{"line":43,"column":11}},"loc":{"start":{"line":43,"column":15},"end":{"line":43,"column":null}},"line":43},"4":{"name":"(anonymous_4)","decl":{"start":{"line":49,"column":6},"end":{"line":49,"column":11}},"loc":{"start":{"line":49,"column":15},"end":{"line":49,"column":null}},"line":49},"5":{"name":"(anonymous_5)","decl":{"start":{"line":79,"column":2},"end":{"line":79,"column":19}},"loc":{"start":{"line":79,"column":38},"end":{"line":101,"column":null}},"line":79},"6":{"name":"(anonymous_6)","decl":{"start":{"line":109,"column":2},"end":{"line":109,"column":10}},"loc":{"start":{"line":109,"column":43},"end":{"line":132,"column":null}},"line":109},"7":{"name":"(anonymous_7)","decl":{"start":{"line":140,"column":2},"end":{"line":140,"column":11}},"loc":{"start":{"line":140,"column":27},"end":{"line":153,"column":null}},"line":140},"8":{"name":"(anonymous_8)","decl":{"start":{"line":141,"column":11},"end":{"line":141,"column":16}},"loc":{"start":{"line":141,"column":30},"end":{"line":152,"column":null}},"line":141},"9":{"name":"(anonymous_9)","decl":{"start":{"line":161,"column":2},"end":{"line":161,"column":11}},"loc":{"start":{"line":161,"column":44},"end":{"line":178,"column":null}},"line":161},"10":{"name":"(anonymous_10)","decl":{"start":{"line":184,"column":2},"end":{"line":184,"column":13}},"loc":{"start":{"line":184,"column":23},"end":{"line":190,"column":null}},"line":184},"11":{"name":"(anonymous_11)","decl":{"start":{"line":196,"column":2},"end":{"line":196,"column":13}},"loc":{"start":{"line":196,"column":23},"end":{"line":200,"column":null}},"line":196}},"branchMap":{"0":{"loc":{"start":{"line":20,"column":4},"end":{"line":20,"column":null}},"type":"if","locations":[{"start":{"line":20,"column":4},"end":{"line":20,"column":null}},{"start":{},"end":{}}],"line":20},"1":{"loc":{"start":{"line":20,"column":8},"end":{"line":20,"column":41}},"type":"binary-expr","locations":[{"start":{"line":20,"column":8},"end":{"line":20,"column":13}},{"start":{"line":20,"column":17},"end":{"line":20,"column":41}}],"line":20},"2":{"loc":{"start":{"line":24,"column":4},"end":{"line":26,"column":null}},"type":"if","locations":[{"start":{"line":24,"column":4},"end":{"line":26,"column":null}},{"start":{},"end":{}}],"line":24},"3":{"loc":{"start":{"line":36,"column":4},"end":{"line":36,"column":null}},"type":"if","locations":[{"start":{"line":36,"column":4},"end":{"line":36,"column":null}},{"start":{},"end":{}}],"line":36},"4":{"loc":{"start":{"line":38,"column":18},"end":{"line":38,"column":null}},"type":"cond-expr","locations":[{"start":{"line":38,"column":46},"end":{"line":38,"column":51}},{"start":{"line":38,"column":55},"end":{"line":38,"column":78}}],"line":38},"5":{"loc":{"start":{"line":38,"column":55},"end":{"line":38,"column":78}},"type":"binary-expr","locations":[{"start":{"line":38,"column":55},"end":{"line":38,"column":68}},{"start":{"line":38,"column":72},"end":{"line":38,"column":78}}],"line":38},"6":{"loc":{"start":{"line":57,"column":4},"end":{"line":68,"column":null}},"type":"if","locations":[{"start":{"line":57,"column":4},"end":{"line":68,"column":null}},{"start":{},"end":{}}],"line":57},"7":{"loc":{"start":{"line":59,"column":6},"end":{"line":61,"column":null}},"type":"if","locations":[{"start":{"line":59,"column":6},"end":{"line":61,"column":null}},{"start":{},"end":{}}],"line":59},"8":{"loc":{"start":{"line":59,"column":10},"end":{"line":59,"column":60}},"type":"binary-expr","locations":[{"start":{"line":59,"column":10},"end":{"line":59,"column":32}},{"start":{"line":59,"column":36},"end":{"line":59,"column":60}}],"line":59},"9":{"loc":{"start":{"line":62,"column":6},"end":{"line":64,"column":null}},"type":"if","locations":[{"start":{"line":62,"column":6},"end":{"line":64,"column":null}},{"start":{},"end":{}}],"line":62},"10":{"loc":{"start":{"line":62,"column":10},"end":{"line":62,"column":66}},"type":"binary-expr","locations":[{"start":{"line":62,"column":10},"end":{"line":62,"column":32}},{"start":{"line":62,"column":36},"end":{"line":62,"column":66}}],"line":62},"11":{"loc":{"start":{"line":65,"column":6},"end":{"line":67,"column":null}},"type":"if","locations":[{"start":{"line":65,"column":6},"end":{"line":67,"column":null}},{"start":{},"end":{}}],"line":65},"12":{"loc":{"start":{"line":65,"column":10},"end":{"line":65,"column":63}},"type":"binary-expr","locations":[{"start":{"line":65,"column":10},"end":{"line":65,"column":32}},{"start":{"line":65,"column":36},"end":{"line":65,"column":63}}],"line":65},"13":{"loc":{"start":{"line":70,"column":11},"end":{"line":70,"column":null}},"type":"binary-expr","locations":[{"start":{"line":70,"column":11},"end":{"line":70,"column":18}},{"start":{"line":70,"column":22},"end":{"line":70,"column":null}}],"line":70},"14":{"loc":{"start":{"line":81,"column":4},"end":{"line":83,"column":null}},"type":"if","locations":[{"start":{"line":81,"column":4},"end":{"line":83,"column":null}},{"start":{},"end":{}}],"line":81},"15":{"loc":{"start":{"line":100,"column":11},"end":{"line":100,"column":null}},"type":"binary-expr","locations":[{"start":{"line":100,"column":11},"end":{"line":100,"column":39}},{"start":{"line":100,"column":43},"end":{"line":100,"column":null}}],"line":100},"16":{"loc":{"start":{"line":109,"column":29},"end":{"line":109,"column":41}},"type":"default-arg","locations":[{"start":{"line":109,"column":39},"end":{"line":109,"column":41}}],"line":109},"17":{"loc":{"start":{"line":111,"column":4},"end":{"line":116,"column":null}},"type":"if","locations":[{"start":{"line":111,"column":4},"end":{"line":116,"column":null}},{"start":{},"end":{}}],"line":111},"18":{"loc":{"start":{"line":120,"column":4},"end":{"line":131,"column":null}},"type":"if","locations":[{"start":{"line":120,"column":4},"end":{"line":131,"column":null}},{"start":{},"end":{}}],"line":120},"19":{"loc":{"start":{"line":120,"column":8},"end":{"line":120,"column":58}},"type":"binary-expr","locations":[{"start":{"line":120,"column":8},"end":{"line":120,"column":25}},{"start":{"line":120,"column":29},"end":{"line":120,"column":58}}],"line":120},"20":{"loc":{"start":{"line":161,"column":30},"end":{"line":161,"column":42}},"type":"default-arg","locations":[{"start":{"line":161,"column":40},"end":{"line":161,"column":42}}],"line":161},"21":{"loc":{"start":{"line":165,"column":4},"end":{"line":174,"column":null}},"type":"if","locations":[{"start":{"line":165,"column":4},"end":{"line":174,"column":null}},{"start":{"line":171,"column":11},"end":{"line":174,"column":null}}],"line":165},"22":{"loc":{"start":{"line":168,"column":18},"end":{"line":168,"column":42}},"type":"binary-expr","locations":[{"start":{"line":168,"column":18},"end":{"line":168,"column":34}},{"start":{"line":168,"column":38},"end":{"line":168,"column":42}}],"line":168},"23":{"loc":{"start":{"line":185,"column":4},"end":{"line":189,"column":null}},"type":"if","locations":[{"start":{"line":185,"column":4},"end":{"line":189,"column":null}},{"start":{"line":187,"column":11},"end":{"line":189,"column":null}}],"line":185},"24":{"loc":{"start":{"line":197,"column":4},"end":{"line":199,"column":null}},"type":"if","locations":[{"start":{"line":197,"column":4},"end":{"line":199,"column":null}},{"start":{},"end":{}}],"line":197}},"s":{"0":6,"1":14,"2":3,"3":11,"4":11,"5":10,"6":1,"7":23,"8":2,"9":21,"10":23,"11":6,"12":23,"13":1,"14":23,"15":23,"16":23,"17":2,"18":1,"19":1,"20":0,"21":1,"22":1,"23":19,"24":7,"25":6,"26":1,"27":1,"28":4,"29":4,"30":4,"31":4,"32":4,"33":4,"34":0,"35":3,"36":3,"37":3,"38":1,"39":1,"40":1,"41":1,"42":1,"43":0,"44":1,"45":1,"46":1,"47":0,"48":1,"49":1,"50":0,"51":1},"f":{"0":6,"1":14,"2":23,"3":6,"4":1,"5":7,"6":4,"7":3,"8":3,"9":1,"10":1,"11":1},"b":{"0":[3,11],"1":[14,11],"2":[10,1],"3":[2,21],"4":[2,19],"5":[19,1],"6":[2,21],"7":[1,1],"8":[2,1],"9":[0,1],"10":[1,1],"11":[1,0],"12":[1,0],"13":[19,0],"14":[6,1],"15":[1,0],"16":[4],"17":[4,0],"18":[0,4],"19":[4,0],"20":[1],"21":[0,1],"22":[0,0],"23":[0,1],"24":[0,1]},"meta":{"lastBranch":25,"lastFunction":12,"lastStatement":52,"seen":{"f:10:2:10:13":0,"s:11:4:11:Infinity":0,"f:19:2:19:14":1,"b:20:4:20:Infinity:undefined:undefined:undefined:undefined":0,"s:20:4:20:Infinity":1,"b:20:8:20:13:20:17:20:41":1,"s:20:43:20:Infinity":2,"s:23:18:23:Infinity":3,"b:24:4:26:Infinity:undefined:undefined:undefined:undefined":2,"s:24:4:26:Infinity":4,"s:25:6:25:Infinity":5,"s:27:4:27:Infinity":6,"f:35:2:35:15":2,"b:36:4:36:Infinity:undefined:undefined:undefined:undefined":3,"s:36:4:36:Infinity":7,"s:36:16:36:Infinity":8,"s:38:18:38:Infinity":9,"b:38:46:38:51:38:55:38:78":4,"b:38:55:38:68:38:72:38:78":5,"s:41:4:44:Infinity":10,"f:43:6:43:11":3,"s:43:15:43:Infinity":11,"s:47:4:50:Infinity":12,"f:49:6:49:11":4,"s:49:15:49:Infinity":13,"s:53:4:53:45":14,"s:54:4:54:Infinity":15,"b:57:4:68:Infinity:undefined:undefined:undefined:undefined":6,"s:57:4:68:Infinity":16,"b:59:6:61:Infinity:undefined:undefined:undefined:undefined":7,"s:59:6:61:Infinity":17,"b:59:10:59:32:59:36:59:60":8,"s:60:8:60:Infinity":18,"b:62:6:64:Infinity:undefined:undefined:undefined:undefined":9,"s:62:6:64:Infinity":19,"b:62:10:62:32:62:36:62:66":10,"s:63:8:63:Infinity":20,"b:65:6:67:Infinity:undefined:undefined:undefined:undefined":11,"s:65:6:67:Infinity":21,"b:65:10:65:32:65:36:65:63":12,"s:66:8:66:Infinity":22,"s:70:4:70:Infinity":23,"b:70:11:70:18:70:22:70:Infinity":13,"f:79:2:79:19":5,"b:81:4:83:Infinity:undefined:undefined:undefined:undefined":14,"s:81:4:83:Infinity":24,"s:82:6:82:Infinity":25,"s:86:30:98:Infinity":26,"s:100:4:100:Infinity":27,"b:100:11:100:39:100:43:100:Infinity":15,"f:109:2:109:10":6,"b:109:39:109:41":16,"b:111:4:116:Infinity:undefined:undefined:undefined:undefined":17,"s:111:4:116:Infinity":28,"s:112:6:112:Infinity":29,"s:113:6:113:Infinity":30,"s:114:6:114:Infinity":31,"s:115:6:115:Infinity":32,"b:120:4:131:Infinity:undefined:undefined:undefined:undefined":18,"s:120:4:131:Infinity":33,"b:120:8:120:25:120:29:120:58":19,"s:122:22:127:Infinity":34,"f:140:2:140:11":7,"s:141:4:152:Infinity":35,"f:141:11:141:16":8,"s:142:6:151:Infinity":36,"s:143:8:143:Infinity":37,"s:146:8:146:Infinity":38,"s:149:28:149:Infinity":39,"s:150:8:150:Infinity":40,"f:161:2:161:11":9,"b:161:40:161:42":20,"s:162:20:162:Infinity":41,"b:165:4:174:Infinity:171:11:174:Infinity":21,"s:165:4:174:Infinity":42,"s:166:6:170:Infinity":43,"b:168:18:168:34:168:38:168:42":22,"s:173:6:173:Infinity":44,"s:177:4:177:Infinity":45,"f:184:2:184:13":10,"b:185:4:189:Infinity:187:11:189:Infinity":23,"s:185:4:189:Infinity":46,"s:186:6:186:Infinity":47,"s:188:6:188:Infinity":48,"f:196:2:196:13":11,"b:197:4:199:Infinity:undefined:undefined:undefined:undefined":24,"s:197:4:199:Infinity":49,"s:198:6:198:Infinity":50,"s:204:28:204:Infinity":51}}}
,"/root/.openclaw/workspace/data-masker/src/utils/regexValidator.js": {"path":"/root/.openclaw/workspace/data-masker/src/utils/regexValidator.js","statementMap":{"0":{"start":{"line":12,"column":4},"end":{"line":12,"column":null}},"1":{"start":{"line":14,"column":4},"end":{"line":14,"column":null}},"2":{"start":{"line":16,"column":4},"end":{"line":24,"column":null}},"3":{"start":{"line":33,"column":19},"end":{"line":39,"column":null}},"4":{"start":{"line":42,"column":4},"end":{"line":45,"column":null}},"5":{"start":{"line":43,"column":6},"end":{"line":43,"column":null}},"6":{"start":{"line":44,"column":6},"end":{"line":44,"column":null}},"7":{"start":{"line":48,"column":4},"end":{"line":51,"column":null}},"8":{"start":{"line":49,"column":6},"end":{"line":49,"column":null}},"9":{"start":{"line":50,"column":6},"end":{"line":50,"column":null}},"10":{"start":{"line":54,"column":4},"end":{"line":59,"column":null}},"11":{"start":{"line":55,"column":6},"end":{"line":55,"column":null}},"12":{"start":{"line":57,"column":6},"end":{"line":57,"column":null}},"13":{"start":{"line":58,"column":6},"end":{"line":58,"column":null}},"14":{"start":{"line":62,"column":4},"end":{"line":68,"column":null}},"15":{"start":{"line":63,"column":6},"end":{"line":67,"column":null}},"16":{"start":{"line":64,"column":8},"end":{"line":64,"column":null}},"17":{"start":{"line":65,"column":8},"end":{"line":65,"column":null}},"18":{"start":{"line":66,"column":8},"end":{"line":66,"column":null}},"19":{"start":{"line":71,"column":28},"end":{"line":71,"column":null}},"20":{"start":{"line":72,"column":4},"end":{"line":78,"column":null}},"21":{"start":{"line":73,"column":6},"end":{"line":73,"column":null}},"22":{"start":{"line":74,"column":6},"end":{"line":74,"column":null}},"23":{"start":{"line":75,"column":11},"end":{"line":78,"column":null}},"24":{"start":{"line":76,"column":6},"end":{"line":76,"column":null}},"25":{"start":{"line":77,"column":6},"end":{"line":77,"column":null}},"26":{"start":{"line":81,"column":23},"end":{"line":81,"column":null}},"27":{"start":{"line":82,"column":4},"end":{"line":82,"column":null}},"28":{"start":{"line":84,"column":4},"end":{"line":87,"column":null}},"29":{"start":{"line":85,"column":6},"end":{"line":85,"column":null}},"30":{"start":{"line":86,"column":6},"end":{"line":86,"column":null}},"31":{"start":{"line":89,"column":4},"end":{"line":91,"column":null}},"32":{"start":{"line":90,"column":6},"end":{"line":90,"column":null}},"33":{"start":{"line":94,"column":4},"end":{"line":94,"column":null}},"34":{"start":{"line":95,"column":4},"end":{"line":95,"column":null}},"35":{"start":{"line":102,"column":16},"end":{"line":102,"column":null}},"36":{"start":{"line":105,"column":24},"end":{"line":105,"column":null}},"37":{"start":{"line":106,"column":4},"end":{"line":106,"column":null}},"38":{"start":{"line":109,"column":19},"end":{"line":109,"column":null}},"39":{"start":{"line":110,"column":4},"end":{"line":110,"column":null}},"40":{"start":{"line":113,"column":25},"end":{"line":113,"column":null}},"41":{"start":{"line":114,"column":4},"end":{"line":114,"column":null}},"42":{"start":{"line":117,"column":24},"end":{"line":117,"column":null}},"43":{"start":{"line":118,"column":4},"end":{"line":118,"column":null}},"44":{"start":{"line":121,"column":21},"end":{"line":121,"column":null}},"45":{"start":{"line":122,"column":4},"end":{"line":122,"column":null}},"46":{"start":{"line":124,"column":4},"end":{"line":124,"column":null}},"47":{"start":{"line":131,"column":19},"end":{"line":134,"column":null}},"48":{"start":{"line":136,"column":4},"end":{"line":168,"column":null}},"49":{"start":{"line":137,"column":20},"end":{"line":137,"column":null}},"50":{"start":{"line":140,"column":26},"end":{"line":148,"column":null}},"51":{"start":{"line":150,"column":24},"end":{"line":150,"column":null}},"52":{"start":{"line":152,"column":6},"end":{"line":163,"column":null}},"53":{"start":{"line":154,"column":26},"end":{"line":154,"column":null}},"54":{"start":{"line":155,"column":8},"end":{"line":155,"column":null}},"55":{"start":{"line":156,"column":25},"end":{"line":156,"column":null}},"56":{"start":{"line":158,"column":8},"end":{"line":162,"column":null}},"57":{"start":{"line":159,"column":10},"end":{"line":159,"column":null}},"58":{"start":{"line":160,"column":10},"end":{"line":160,"column":null}},"59":{"start":{"line":161,"column":10},"end":{"line":161,"column":null}},"60":{"start":{"line":165,"column":6},"end":{"line":165,"column":null}},"61":{"start":{"line":167,"column":6},"end":{"line":167,"column":null}},"62":{"start":{"line":170,"column":4},"end":{"line":170,"column":null}},"63":{"start":{"line":181,"column":19},"end":{"line":186,"column":null}},"64":{"start":{"line":188,"column":4},"end":{"line":203,"column":null}},"65":{"start":{"line":189,"column":20},"end":{"line":189,"column":null}},"66":{"start":{"line":190,"column":24},"end":{"line":190,"column":null}},"67":{"start":{"line":193,"column":6},"end":{"line":193,"column":null}},"68":{"start":{"line":194,"column":6},"end":{"line":194,"column":null}},"69":{"start":{"line":196,"column":6},"end":{"line":200,"column":null}},"70":{"start":{"line":197,"column":8},"end":{"line":197,"column":null}},"71":{"start":{"line":198,"column":8},"end":{"line":198,"column":null}},"72":{"start":{"line":199,"column":8},"end":{"line":199,"column":null}},"73":{"start":{"line":202,"column":6},"end":{"line":202,"column":null}},"74":{"start":{"line":205,"column":4},"end":{"line":205,"column":null}},"75":{"start":{"line":217,"column":19},"end":{"line":223,"column":null}},"76":{"start":{"line":225,"column":4},"end":{"line":241,"column":null}},"77":{"start":{"line":226,"column":20},"end":{"line":226,"column":null}},"78":{"start":{"line":227,"column":24},"end":{"line":227,"column":null}},"79":{"start":{"line":229,"column":6},"end":{"line":229,"column":null}},"80":{"start":{"line":230,"column":6},"end":{"line":230,"column":null}},"81":{"start":{"line":231,"column":6},"end":{"line":231,"column":null}},"82":{"start":{"line":233,"column":6},"end":{"line":238,"column":null}},"83":{"start":{"line":234,"column":8},"end":{"line":234,"column":null}},"84":{"start":{"line":235,"column":8},"end":{"line":235,"column":26}},"85":{"start":{"line":236,"column":8},"end":{"line":236,"column":null}},"86":{"start":{"line":237,"column":8},"end":{"line":237,"column":null}},"87":{"start":{"line":240,"column":6},"end":{"line":240,"column":null}},"88":{"start":{"line":243,"column":4},"end":{"line":243,"column":null}},"89":{"start":{"line":252,"column":24},"end":{"line":252,"column":null}},"90":{"start":{"line":255,"column":4},"end":{"line":257,"column":null}},"91":{"start":{"line":256,"column":6},"end":{"line":256,"column":null}},"92":{"start":{"line":260,"column":4},"end":{"line":262,"column":null}},"93":{"start":{"line":261,"column":6},"end":{"line":261,"column":null}},"94":{"start":{"line":265,"column":4},"end":{"line":267,"column":null}},"95":{"start":{"line":266,"column":6},"end":{"line":266,"column":null}},"96":{"start":{"line":270,"column":4},"end":{"line":272,"column":null}},"97":{"start":{"line":271,"column":6},"end":{"line":271,"column":null}},"98":{"start":{"line":274,"column":4},"end":{"line":274,"column":null}},"99":{"start":{"line":279,"column":30},"end":{"line":279,"column":null}}},"fnMap":{"0":{"name":"(anonymous_0)","decl":{"start":{"line":10,"column":2},"end":{"line":10,"column":13}},"loc":{"start":{"line":10,"column":16},"end":{"line":25,"column":null}},"line":10},"1":{"name":"(anonymous_1)","decl":{"start":{"line":32,"column":2},"end":{"line":32,"column":10}},"loc":{"start":{"line":32,"column":20},"end":{"line":96,"column":null}},"line":32},"2":{"name":"(anonymous_2)","decl":{"start":{"line":101,"column":2},"end":{"line":101,"column":22}},"loc":{"start":{"line":101,"column":32},"end":{"line":125,"column":null}},"line":101},"3":{"name":"(anonymous_3)","decl":{"start":{"line":130,"column":2},"end":{"line":130,"column":20}},"loc":{"start":{"line":130,"column":30},"end":{"line":171,"column":null}},"line":130},"4":{"name":"(anonymous_4)","decl":{"start":{"line":180,"column":2},"end":{"line":180,"column":10}},"loc":{"start":{"line":180,"column":46},"end":{"line":206,"column":null}},"line":180},"5":{"name":"(anonymous_5)","decl":{"start":{"line":216,"column":2},"end":{"line":216,"column":13}},"loc":{"start":{"line":216,"column":59},"end":{"line":244,"column":null}},"line":216},"6":{"name":"(anonymous_6)","decl":{"start":{"line":251,"column":2},"end":{"line":251,"column":16}},"loc":{"start":{"line":251,"column":26},"end":{"line":275,"column":null}},"line":251}},"branchMap":{"0":{"loc":{"start":{"line":42,"column":4},"end":{"line":45,"column":null}},"type":"if","locations":[{"start":{"line":42,"column":4},"end":{"line":45,"column":null}},{"start":{},"end":{}}],"line":42},"1":{"loc":{"start":{"line":42,"column":8},"end":{"line":42,"column":47}},"type":"binary-expr","locations":[{"start":{"line":42,"column":8},"end":{"line":42,"column":16}},{"start":{"line":42,"column":20},"end":{"line":42,"column":47}}],"line":42},"2":{"loc":{"start":{"line":48,"column":4},"end":{"line":51,"column":null}},"type":"if","locations":[{"start":{"line":48,"column":4},"end":{"line":51,"column":null}},{"start":{},"end":{}}],"line":48},"3":{"loc":{"start":{"line":63,"column":6},"end":{"line":67,"column":null}},"type":"if","locations":[{"start":{"line":63,"column":6},"end":{"line":67,"column":null}},{"start":{},"end":{}}],"line":63},"4":{"loc":{"start":{"line":72,"column":4},"end":{"line":78,"column":null}},"type":"if","locations":[{"start":{"line":72,"column":4},"end":{"line":78,"column":null}},{"start":{"line":75,"column":11},"end":{"line":78,"column":null}}],"line":72},"5":{"loc":{"start":{"line":75,"column":11},"end":{"line":78,"column":null}},"type":"if","locations":[{"start":{"line":75,"column":11},"end":{"line":78,"column":null}},{"start":{},"end":{}}],"line":75},"6":{"loc":{"start":{"line":84,"column":4},"end":{"line":87,"column":null}},"type":"if","locations":[{"start":{"line":84,"column":4},"end":{"line":87,"column":null}},{"start":{},"end":{}}],"line":84},"7":{"loc":{"start":{"line":89,"column":4},"end":{"line":91,"column":null}},"type":"if","locations":[{"start":{"line":89,"column":4},"end":{"line":91,"column":null}},{"start":{},"end":{}}],"line":89},"8":{"loc":{"start":{"line":105,"column":25},"end":{"line":105,"column":55}},"type":"binary-expr","locations":[{"start":{"line":105,"column":25},"end":{"line":105,"column":49}},{"start":{"line":105,"column":53},"end":{"line":105,"column":55}}],"line":105},"9":{"loc":{"start":{"line":109,"column":20},"end":{"line":109,"column":46}},"type":"binary-expr","locations":[{"start":{"line":109,"column":20},"end":{"line":109,"column":40}},{"start":{"line":109,"column":44},"end":{"line":109,"column":46}}],"line":109},"10":{"loc":{"start":{"line":113,"column":26},"end":{"line":113,"column":52}},"type":"binary-expr","locations":[{"start":{"line":113,"column":26},"end":{"line":113,"column":46}},{"start":{"line":113,"column":50},"end":{"line":113,"column":52}}],"line":113},"11":{"loc":{"start":{"line":117,"column":25},"end":{"line":117,"column":51}},"type":"binary-expr","locations":[{"start":{"line":117,"column":25},"end":{"line":117,"column":45}},{"start":{"line":117,"column":49},"end":{"line":117,"column":51}}],"line":117},"12":{"loc":{"start":{"line":121,"column":22},"end":{"line":121,"column":53}},"type":"binary-expr","locations":[{"start":{"line":121,"column":22},"end":{"line":121,"column":47}},{"start":{"line":121,"column":51},"end":{"line":121,"column":53}}],"line":121},"13":{"loc":{"start":{"line":158,"column":8},"end":{"line":162,"column":null}},"type":"if","locations":[{"start":{"line":158,"column":8},"end":{"line":162,"column":null}},{"start":{},"end":{}}],"line":158},"14":{"loc":{"start":{"line":180,"column":29},"end":{"line":180,"column":44}},"type":"default-arg","locations":[{"start":{"line":180,"column":41},"end":{"line":180,"column":44}}],"line":180},"15":{"loc":{"start":{"line":196,"column":6},"end":{"line":200,"column":null}},"type":"if","locations":[{"start":{"line":196,"column":6},"end":{"line":200,"column":null}},{"start":{},"end":{}}],"line":196},"16":{"loc":{"start":{"line":216,"column":42},"end":{"line":216,"column":57}},"type":"default-arg","locations":[{"start":{"line":216,"column":54},"end":{"line":216,"column":57}}],"line":216},"17":{"loc":{"start":{"line":233,"column":6},"end":{"line":238,"column":null}},"type":"if","locations":[{"start":{"line":233,"column":6},"end":{"line":238,"column":null}},{"start":{},"end":{}}],"line":233},"18":{"loc":{"start":{"line":255,"column":4},"end":{"line":257,"column":null}},"type":"if","locations":[{"start":{"line":255,"column":4},"end":{"line":257,"column":null}},{"start":{},"end":{}}],"line":255},"19":{"loc":{"start":{"line":255,"column":8},"end":{"line":255,"column":61}},"type":"binary-expr","locations":[{"start":{"line":255,"column":8},"end":{"line":255,"column":33}},{"start":{"line":255,"column":37},"end":{"line":255,"column":61}}],"line":255},"20":{"loc":{"start":{"line":260,"column":4},"end":{"line":262,"column":null}},"type":"if","locations":[{"start":{"line":260,"column":4},"end":{"line":262,"column":null}},{"start":{},"end":{}}],"line":260},"21":{"loc":{"start":{"line":265,"column":4},"end":{"line":267,"column":null}},"typ
[...]
,"/root/.openclaw/workspace/data-masker/src/utils/secureStorage.js": {"path":"/root/.openclaw/workspace/data-masker/src/utils/secureStorage.js","statementMap":{"0":{"start":{"line":11,"column":4},"end":{"line":11,"column":null}},"1":{"start":{"line":12,"column":4},"end":{"line":12,"column":null}},"2":{"start":{"line":13,"column":4},"end":{"line":13,"column":null}},"3":{"start":{"line":14,"column":4},"end":{"line":14,"column":null}},"4":{"start":{"line":15,"column":4},"end":{"line":15,"column":null}},"5":{"start":{"line":24,"column":24},"end":{"line":24,"column":null}},"6":{"start":{"line":25,"column":20},"end":{"line":25,"column":null}},"7":{"start":{"line":26,"column":24},"end":{"line":32,"column":null}},"8":{"start":{"line":35,"column":17},"end":{"line":35,"column":null}},"9":{"start":{"line":37,"column":4},"end":{"line":48,"column":null}},"10":{"start":{"line":50,"column":4},"end":{"line":50,"column":null}},"11":{"start":{"line":58,"column":23},"end":{"line":65,"column":null}},"12":{"start":{"line":67,"column":24},"end":{"line":67,"column":null}},"13":{"start":{"line":68,"column":20},"end":{"line":68,"column":null}},"14":{"start":{"line":69,"column":17},"end":{"line":69,"column":null}},"15":{"start":{"line":70,"column":23},"end":{"line":70,"column":null}},"16":{"start":{"line":71,"column":22},"end":{"line":71,"column":null}},"17":{"start":{"line":72,"column":4},"end":{"line":72,"column":null}},"18":{"start":{"line":72,"column":30},"end":{"line":72,"column":61}},"19":{"start":{"line":79,"column":4},"end":{"line":81,"column":null}},"20":{"start":{"line":80,"column":6},"end":{"line":80,"column":null}},"21":{"start":{"line":83,"column":20},"end":{"line":83,"column":null}},"22":{"start":{"line":84,"column":17},"end":{"line":84,"column":null}},"23":{"start":{"line":87,"column":15},"end":{"line":87,"column":null}},"24":{"start":{"line":90,"column":22},"end":{"line":97,"column":null}},"25":{"start":{"line":100,"column":21},"end":{"line":100,"column":null}},"26":{"start":{"line":101,"column":4},"end":{"line":101,"column":null}},"27":{"start":{"line":102,"column":4},"end":{"line":102,"column":null}},"28":{"start":{"line":105,"column":4},"end":{"line":105,"column":null}},"29":{"start":{"line":112,"column":4},"end":{"line":114,"column":null}},"30":{"start":{"line":113,"column":6},"end":{"line":113,"column":null}},"31":{"start":{"line":116,"column":4},"end":{"line":141,"column":null}},"32":{"start":{"line":118,"column":23},"end":{"line":120,"column":null}},"33":{"start":{"line":119,"column":44},"end":{"line":119,"column":59}},"34":{"start":{"line":123,"column":17},"end":{"line":123,"column":null}},"35":{"start":{"line":124,"column":24},"end":{"line":124,"column":null}},"36":{"start":{"line":127,"column":24},"end":{"line":134,"column":null}},"37":{"start":{"line":136,"column":22},"end":{"line":136,"column":null}},"38":{"start":{"line":137,"column":6},"end":{"line":137,"column":null}},"39":{"start":{"line":139,"column":6},"end":{"line":139,"column":null}},"40":{"start":{"line":140,"column":6},"end":{"line":140,"column":null}},"41":{"start":{"line":148,"column":4},"end":{"line":155,"column":null}},"42":{"start":{"line":149,"column":26},"end":{"line":149,"column":null}},"43":{"start":{"line":150,"column":6},"end":{"line":150,"column":null}},"44":{"start":{"line":151,"column":6},"end":{"line":151,"column":null}},"45":{"start":{"line":153,"column":6},"end":{"line":153,"column":null}},"46":{"start":{"line":154,"column":6},"end":{"line":154,"column":null}},"47":{"start":{"line":162,"column":4},"end":{"line":170,"column":null}},"48":{"start":{"line":163,"column":20},"end":{"line":163,"column":null}},"49":{"start":{"line":164,"column":6},"end":{"line":164,"column":null}},"50":{"start":{"line":164,"column":26},"end":{"line":164,"column":null}},"51":{"start":{"line":166,"column":6},"end":{"line":166,"column":null}},"52":{"start":{"line":168,"column":6},"end":{"line":168,"column":null}},"53":{"start":{"line":169,"column":6},"end":{"line":169,"column":null}},"54":{"start":{"line":177,"column":4},"end":{"line":177,"column":null}},"55":{"start":{"line":186,"column":19},"end":{"line":191,"column":null}},"56":{"start":{"line":193,"column":4},"end":{"line":196,"column":null}},"57":{"start":{"line":194,"column":6},"end":{"line":194,"column":null}},"58":{"start":{"line":195,"column":6},"end":{"line":195,"column":null}},"59":{"start":{"line":199,"column":4},"end":{"line":199,"column":null}},"60":{"start":{"line":199,"column":30},"end":{"line":199,"column":null}},"61":{"start":{"line":200,"column":4},"end":{"line":200,"column":null}},"62":{"start":{"line":200,"column":31},"end":{"line":200,"column":null}},"63":{"start":{"line":201,"column":4},"end":{"line":201,"column":null}},"64":{"start":{"line":201,"column":31},"end":{"line":201,"column":null}},"65":{"start":{"line":204,"column":4},"end":{"line":204,"column":null}},"66":{"start":{"line":204,"column":32},"end":{"line":204,"column":null}},"67":{"start":{"line":205,"column":4},"end":{"line":205,"column":null}},"68":{"start":{"line":205,"column":32},"end":{"line":205,"column":null}},"69":{"start":{"line":206,"column":4},"end":{"line":206,"column":null}},"70":{"start":{"line":206,"column":32},"end":{"line":206,"column":null}},"71":{"start":{"line":207,"column":4},"end":{"line":207,"column":null}},"72":{"start":{"line":207,"column":39},"end":{"line":207,"column":null}},"73":{"start":{"line":210,"column":4},"end":{"line":213,"column":null}},"74":{"start":{"line":211,"column":6},"end":{"line":211,"column":null}},"75":{"start":{"line":212,"column":6},"end":{"line":212,"column":null}},"76":{"start":{"line":215,"column":4},"end":{"line":218,"column":null}},"77":{"start":{"line":216,"column":6},"end":{"line":216,"column":null}},"78":{"start":{"line":217,"column":6},"end":{"line":217,"column":null}},"79":{"start":{"line":221,"column":4},"end":{"line":233,"column":null}},"80":{"start":{"line":222,"column":6},"end":{"line":222,"column":null}},"81":{"start":{"line":223,"column":6},"end":{"line":223,"column":null}},"82":{"start":{"line":224,"column":11},"end":{"line":233,"column":null}},"83":{"start":{"line":225,"column":6},"end":{"line":225,"column":null}},"84":{"start":{"line":226,"column":6},"end":{"line":226,"column":null}},"85":{"start":{"line":228,"column":6},"end":{"line":228,"column":null}},"86":{"start":{"line":229,"column":6},"end":{"line":229,"column":null}},"87":{"start":{"line":230,"column":6},"end":{"line":232,"column":null}},"88":{"start":{"line":231,"column":8},"end":{"line":231,"column":null}},"89":{"start":{"line":235,"column":4},"end":{"line":235,"column":null}},"90":{"start":{"line":242,"column":4},"end":{"line":242,"column":null}},"91":{"start":{"line":247,"column":29},"end":{"line":247,"column":null}}},"fnMap":{"0":{"name":"(anonymous_0)","decl":{"start":{"line":10,"column":2},"end":{"line":10,"column":13}},"loc":{"start":{"line":10,"column":16},"end":{"line":16,"column":null}},"line":10},"1":{"name":"(anonymous_1)","decl":{"start":{"line":22,"column":8},"end":{"line":22,"column":19}},"loc":{"start":{"line":22,"column":22},"end":{"line":51,"column":null}},"line":22},"2":{"name":"(anonymous_2)","decl":{"start":{"line":57,"column":8},"end":{"line":57,"column":28}},"loc":{"start":{"line":57,"column":31},"end":{"line":73,"column":null}},"line":57},"3":{"name":"(anonymous_3)","decl":{"start":{"line":72,"column":25},"end":{"line":72,"column":26}},"loc":{"start":{"line":72,"column":30},"end":{"line":72,"column":61}},"line":72},"4":{"name":"(anonymous_4)","decl":{"start":{"line":78,"column":8},"end":{"line":78,"column":15}},"loc":{"start":{"line":78,"column":27},"end":{"line":106,"column":null}},"line":78},"5":{"name":"(anonymous_5)","decl":{"start":{"line":111,"column":8},"end":{"line":111,"column":15}},"loc":{"start":{"line":111,"column":28},"end":{"line":142,"column":null}},"line":111},"6":{"name":"(anonymous_6)","decl":{"start":{"line":119,"column":39},"end":{"line":119,"column":40}},"loc":{"start":{"line":119,"column":44},"end":{"line":119,"column":59}},"line":119},"7":{"name":"(anonymous_7)","decl":{"start":{"line":147,"column":8},"end":{"line":147,"column":15}},"loc":{"start":{"line":147,"column":45},"end":{"line":156,"column":null}},"line":147},"8":{"name":"(anonymous_8)","decl":{"start":{"line":161,"column":8},"end":{"line":161,"column":15}},"loc":{"start":{"line":161,"column":40},"end":{"line":171,"column":null}},"line":161},"9":{"name":"(anonymous_9)","decl":{"start":{"line":176,"column":2},"end":{"line":176,"column":12}},"loc":{"start":{"line":176,"column":18},"end":{"line":178,"column":null}},"line":176},"10":{"name":"(anonymous_10)","decl":{"start":{"line":185,"column":2},"end":{"line":185,"column":23}},"loc":{"start":{"line":185,"column":34},"end":{"line":236,"column":null}},"line":185},"11":{"name":"(anonymous_11)","decl":{"start":{"line":241,"column":2},"end":{"line":241,"column":10}},"loc":{"start":{"line":241,"column":13},"end":{"line":243,"column":null}},"line":241}},"branchMap":{"0":{"loc":{"start":{"line":63,"column":6},"end":{"line":63,"column":48}},"type":"binary-expr","locations":[{"start":{"line":63,"column":6},"end":{"line":63,"column":35}},{"start":{"line":63,"column":39},"end":{"line":63,"column":48}}],"line":63},"1":{"loc":{"start":{"line":64,"column":6},"end":{"line":64,"column":null}},"type":"binary-expr","locations":[{"start":{"line":64,"column":6},"end":{"line":64,"column":28}},{"start":{"line":64,"column":32},"end":{"line":64,"column":null}}],"line":64},"2":{"loc":{"start":{"line":79,"column":4},"end":{"line":81,"column":null}},"type":"if","locations":[{"start":{"line":79,"column":4},"end":{"line":81,"column":null}},{"start":{},"end":{}}],"line":79},"3":{"loc":{"start":{"line":112,"column":4},"end":{"line":114,"column":null}},"type":"if","locations":[{"start":{"line":112,"column":4},"end":{"line":114,"column":null}},{"start":{},"end":{}}],"line":112},"4":{"loc":{"start":{"line":147,"column":28},"end":{"line":147,"column":43}},"type":"default-arg","locations":[{"start":{"line":147,"column":38},"end":{"line":147,"column":43}}],"line":147},"5":{"loc":{"start":{"line":149,"column":26},"end":{"line":149,"column":null}},"type":"cond-expr","locations":[{"start":{"line":149,"column":36},"end":{"line":149,"column":61}},{"start":{"line":149,"column":64},"end":{"line":149,"column":null}}],"line":149},"6":{"loc":{"start":{"line":161,"column":21},"end":{"line":161,"column":38}},"type":"default-arg","locations":[{"start":{"line":161,"column":33},"end":{"line":161,"column":38}}],"line":161},"7":{"loc":{"start":{"line":164,"column":6},"end":{"line":164,"column":null}},"type":"if","locations":[{"start":{"line":164,"column":6},"end":{"line":164,"column":null}},{"start":{},"end":{}}],"line":164},"8":{"loc":{"start":{"line":166,"column":13},"end":{"line":166,"column":null}},"type":"cond-expr","locations":[{"start":{"line":166,"column":25},"end":{"line":166,"column":50}},{"start":{"line":166,"column":53},"end":{"line":166,"column":null}}],"line":166},"9":{"loc":{"start":{"line":193,"column":4},"end":{"line":196,"column":null}},"type":"if","locations":[{"start":{"line":193,"column":4},"end":{"line":196,"column":null}},{"start":{},"end":{}}],"line":193},"10":{"loc":{"start":{"line":193,"column":8},"end":{"line":193,"column":40}},"type":"binary-expr","locations":[{"start":{"line":193,"column":8},"end":{"line":193,"column":17}},{"start":{"line":193,"column":21},"end":{"line":193,"column":40}}],"line":193},"11":{"loc":{"start":{"line":199,"column":4},"end":{"line":199,"column":null}},"type":"if","locations":[{"start":{"line":199,"column":4},"end":{"line":199,"column":null}},{"start":{},"end":{}}],"line":199},"12":{"loc":{"start":{"line":200,"column":4},"end":{"line":200,"column":null}},"type":"if","locations":[{"start":{"line":200,"column":4},"end":{"line":200,"column":null}},{"start":{},"end":{}}],"line":200},"13":{"loc":{"start":{"line":201,"column":4},"end":{"line":201,"column":null}},"type":"if","locations":[{"start":{"line":201,"column":4},"end":{"line":201,"column":null}},{"start":{},"end":{}}],"line":201},"14":{"loc":{"start":{"line":204,"column":4},"end":{"line":204,"column":null}},"type":"if","locations":[{"start":{"line":204,"column":4},"end":{"line":204,"column":null}},{"start":{},"end":{}}],"line":204},"15":{"loc":{"start":{"line":205,"column":4},"end":{"line":205,"column":null}},"type":"if","locations":[{"start":{"line":205,"column":4},"end":{"line":205,"column":null}},{"start":{},"end":{}}],"line":205},"16":{"loc":{"start":{"line":206,"column":4},"end":{"line":206,"column":null}},"type":"if","locations":[{"start":{"line":206,"column":4},"end":{"line":206,"column":null}},{"start":{},"end":{}}],"line":206},"17":{"loc":{"start":{"line":207,"column":4},"end":{"line":207,"column":null}},"type":"if","locations":[{"start":{"line":207,"column":4},"end":{"line":207,"column":null}},{"start":{},"end":{}}],"line":207},"18":{"loc":{"start":{"line":210,"column":4},"end":{"line":213,"column":null}},"type":"if","locations":[{"start":{"line":210,"column":4},"end":{"line":213,"column":null}},{"start":{},"end":{}}],"line":210},"19":{"loc":{"start":{"line":215,"column":4},"end":{"line":218,"column":null}},"type":"if","locations":[{"start":{"line":215,"column":4},"end":{"line":218,"column":null}},{"start":{},"end":{}}],"line":215},"20":{"loc":{"start":{"line":215,"column":8},"end":{"line":215,"column":65}},"type":"binary-expr","locations":[{"start":{"line":215,"column":8},"end":{"line":215,"column":36}},{"start":{"line":215,"column":40},"end":{"line":215,"column":65}}],"line":215},"21":{"loc":{"start":{"line":221,"column":4},"end":{"line":233,"column":null}},"type":"if","locations":[{"start":{"line":221,"column":4},"end":{"line":233,"column":null}},{"start":{"line":224,"column":11},"end":{"line":233,"column":null}}],"line":221},"22":{"loc":{"start":{"line":224,"column":11},"end":{"line":233,"column":null}},"type":"if","locations":[{"start":{"line":224,"column":11},"end":{"line":233,"column":null}},{"start":{"line":227,"column":11},"end":{"line":233,"column":null}}],"line":224},"23":{"loc":{"start":{"line":230,"column":6},"end":{"line":232,"column":null}},"type":"if","locations":[{"start":{"line":230,"column":6},"end":{"line":232,"column":null}},{"start":{},"end":{}}],"line":230}},"s":{"0":14,"1":14,"2":14,"3":14,"4":14,"5":2,"6":2,"7":2,"8":2,"9":2,"10":2,"11":5,"12":5,"13":5,"14":5,"15":5,"16":5,"17":5,"18":160,"19":0,"20":0,"21":0,"22":0,"23":0,"24":0,"25":0,"26":0,"27":0,"28":0,"29":0,"30":0,"31":0,"32":0,"33":0,"34":0,"35":0,"36":0,"37":0,"38":0,"39":0,"40":0,"41":7,"42":7,"43":7,"44":7,"45":1,"46":1,"47":6,"48":6,"49":6,"50":1,"51":4,"52":1,"53":1,"54":1,"55":110,"56":110,"57":3,"58":3,"59":107,"60":107,"61":107,"62":103,"63":107,"64":100,"65":107,"66":107,"67":107,"68":105,"69":107,"70":105,"71":107,"72":103,"73":107,"74":1,"75":1,"76":107,"77":2,"78":2,"79":107,"80":102,"81":102,"82":5,"83":3,"84":3,"85":2,"86":2,"87":2,"88":0,"89":107,"90":1,"91":1},"f":{"0":14,"1":2,"2":5,"3":160,"4":0,"5":0,"6":0,"7":7,"8":6,"9":1,"10":110,"11":1},"b":{"0":[5,0],"1":[5,0],"2":[0,0],"3":[0,0],"4":[7],"5":[4,3],"6":[6],"7":[1,5],"8":[3,1],"9":[3,107],"10":[110,109],"11":[107,0],"12":[103,4],"13":[100,7],"14":[107,0],"15":[105,2],"16":[105,2],"17":[103,4],"18":[1,106],"19":[2,105],"20":[107,105],"21":[102,5],"22":[3,2],"23":[0,2]},"meta":{"lastBranch":24,"lastFunction":12,"lastStatement":92,"seen":{"f:10:2:10:13":0,"s:11:4:11:Infinity":0,"s:12:4:12:Infinity":1,"s:13:4:13:Infinity":2,"s:14:4:14:Infinity":3,"s:15:4:15:Infinity":4,"f:22:8:22:19":1,"s:24:24:24:Infinity":5,"s:25:20:25:Infinity":6,"s:26:24:32:Infinity":7,"s:35:17:35:Infinity":8,"s:37:4:48:Infinity":9,"s:50:4:50:Infinity":10,"f:57:8:57:28":2,"s:58:23:65:Infinity":11,"b:63:6:63:35:63:39:63:48":0,"b:64:6:64:28:64:32:64:Infinity":1,"s:67:24:67:Infinity":12,"s:68:20:68:Infinity":13,"s:69:17:69:Infinity":14,"s:70:23:70:Infinity":15,"s:71:22:71:Infinity":16,"s:72:4:72:Infinity":17,"f:72:25:72:26":3,"s:72:30:72:61":18,"f:78:8:78:15":4,"b:79:4:81:Infinity:undefined:undefined:undefined:undefined":2,"s:79:4:81:Infinity":19,"s:80:6:80:Infinity":20,"s:83:20:83:Infinity":21,"s:84:17:84:Infinity":22,"s:87:15:87:Infinity":23,"s:90:22:97:Infinity":24,"s:100:21:100:Infinity":25,"s:101:4:101:Infinity":26,"s:102:4:102:Infinity":27,"s:105:4:105:Infinity":28,"f:111:8:111:15":5,"b:112:4:114:Infinity:undefined:undefined:undefined:undefined":3,"s:112:4:114:Infinity":29,"s:113:6:113:Infinity":30,"s:116:4:141:Infinity":31,"s:118:23:120:Infinity":32,"f:119:39:119:40":6,"s:119:44:119:59":33,"s:123:17:123:Infinity":34,"s:124:24:124:Infinity":35,"s:127:24:134:Infinity":36,"s:136:22:136:Infinity":37,"s:137:6:137:Infinity":38,"s:139:6:139:Infinity":39,"s:140:6:140:Infinity":40,"f:147:8:147:15":7,"b:147:38:147:43":4,"s:148:4:155:Infinity":41,"s:149:26:149:Infinity":42,"b:149:36:149:61:149:64:149:Infinity":5,"s:150:6:150:Infinity":43,"s:151:6:151:Infinity":44,"s:153:6:153:Infinity":45,"s:154:6:154:Infinity":46,"f:161:8:161:15":8,"b:161:33:161:38":6,"s:162:4:170:Infinity":47,"s:163:20:163:Infinity":48,"b:164:6:164:Infinity:undefined:undefined:undefined:undefined":7,"s:164:6:164:Infinity":49,"s:164:26:164:Infinity":50,"s:166:6:166:Infinity":51,"b:166:25:166:50:166:53:166:Infinity":8,"s:168:6:168:Infinity":52,"s:169:6:169:Infinity":53,"f:176:2:176:12":9,"s:177:4:177:Infinity":54,"f:185:2:185:23":10,"s:186:19:191:Infinity":55,"b:193:4:196:Infinity:undefined:undefined:undefined:undefined":9,"s:193:4:196:Infinity":56,"b:193:8:193:17:193:21:193:40":10,"s:194:6:194:Infinity":57,"s:195:6:195:Infinity":58,"b:199:4:199:Infinity:undefined:undefined:undefined:undefined":11,"s:199:4:199:Infinity":59,"s:199:30:199:Infinity":60,"b:200:4:200:Infinity:undefined:undefined:undefined:undefined":12,"s:200:4:200:Infinity":61,"s:200:31:200:Infinity":62,"b:201:4:201:Infinity:undefined:undefined:undefined:undefined":13,"s:201:4:201:Infinity":63,"s:201:31:201:Infinity":64,"b:204:4:204:Infinity:undefined:undefined:undefined:undefined":14,"s:204:4:204:Infinity":65,"s:204:32:204:Infinity":66,"b:205:4:205:Infinity:undefined:undefined:undefined:undefined":15,"s:205:4:205:Infinity":67,"s:205:32:205:Infinity":68,"b:206:4:206:Infinity:undefined:undefined:undefined:undefined":16,"s:206:4:206:Infinity":69,"s:206:32:206:Infinity":70,"b:207:4:207:Infinity:undefined:undefined:undefined:undefined":17,"s:207:4:207:Infinity":71,"s:207:39:207:Infinity":72,"b:210:4:213:Infinity:undefined:undefined:undefined:undefined":18,"s:210:4:213:Infinity":73,"s:211:6:211:Infinity":74,"s:212:6:212:Infinity":75,"b:215:4:218:Infinity:undefined:undefined:undefined:undefined":19,"s:215:4:218:Infinity":76,"b:215:8:215:36:215:40:215:65":20,"s:216:6:216:Infinity":77,"s:217:6:217:Infinity":78,"b:221:4:233:Infinity:224:11:233:Infinity":21,"s:221:4:233:Infinity":79,"s:222:6:222:Infinity":80,"s:223:6:223:Infinity":81,"b:224:11:233:Infinity:227:11:233:Infinity":22,"s:224:11:233:Infinity":82,"s:225:6:225:Infinity":83,"s:226:6:226:Infinity":84,"s:228:6:228:Infinity":85,"s:229:6:229:Infinity":86,"b:230:6:232:Infinity:undefined:undefined:undefined:undefined":23,"s:230:6:232:Infinity":87,"s:231:8:231:Infinity":88,"s:235:4:235:Infinity":89,"f:241:2:241:10":11,"s:242:4:242:Infinity":90,"s:247:29:247:Infinity":91}}}
}
